#
# There is insufficient memory for the Java Runtime Environment to continue.
# Native memory allocation (mmap) failed to map 268435456 bytes for G1 virtual space
# Possible reasons:
#   The system is out of physical RAM or swap space
#   The process is running with CompressedOops enabled, and the Java Heap may be blocking the growth of the native heap
# Possible solutions:
#   Reduce memory load on the system
#   Increase physical memory or swap space
#   Check if swap backing store is full
#   Decrease Java heap size (-Xmx/-Xms)
#   Decrease number of Java threads
#   Decrease Java thread stack sizes (-Xss)
#   Set larger code cache with -XX:ReservedCodeCacheSize=
#   JVM is running with Zero Based Compressed Oops mode in which the Java heap is
#     placed in the first 32GB address space. The Java Heap base address is the
#     maximum limit for the native heap growth. Please use -XX:HeapBaseMinAddress
#     to set the Java Heap base and to place the Java Heap above 32GB virtual address.
# This output file may be truncated or incomplete.
#
#  Out of Memory Error (os_windows.cpp:3769), pid=728, tid=18412
#
# JRE version:  (17.0.6) (build )
# Java VM: OpenJDK 64-Bit Server VM (17.0.6+0-b2043.56-9586694, mixed mode, sharing, tiered, compressed oops, compressed class ptrs, g1 gc, windows-amd64)
# No core dump will be written. Minidumps are not enabled by default on client versions of Windows
#

---------------  S U M M A R Y ------------

Command Line: org.jetbrains.kotlin.cli.jvm.K2JVMCompiler @D:\Aktibo\app\build\20230829_3164898876294357163.compiler.options

Host: Intel(R) Core(TM) i5-7200U CPU @ 2.50GHz, 4 cores, 15G,  Windows 10 , 64 bit Build 19041 (10.0.19041.3155)
Time: Tue Aug 29 21:03:34 2023 Malay Peninsula Standard Time elapsed time: 0.050040 seconds (0d 0h 0m 0s)

---------------  T H R E A D  ---------------

Current thread (0x0000023b86556ce0):  JavaThread "Unknown thread" [_thread_in_vm, id=18412, stack(0x0000006e7c800000,0x0000006e7c900000)]

Stack: [0x0000006e7c800000,0x0000006e7c900000]
Native frames: (J=compiled Java code, j=interpreted, Vv=VM code, C=native code)
V  [jvm.dll+0x683b4a]
V  [jvm.dll+0x842654]
V  [jvm.dll+0x843dfe]
V  [jvm.dll+0x844463]
V  [jvm.dll+0x249b75]
V  [jvm.dll+0x680a19]
V  [jvm.dll+0x674f0a]
V  [jvm.dll+0x309acb]
V  [jvm.dll+0x310f86]
V  [jvm.dll+0x3608ee]
V  [jvm.dll+0x360b1f]
V  [jvm.dll+0x2dfbf8]
V  [jvm.dll+0x2e0b64]
V  [jvm.dll+0x813f41]
V  [jvm.dll+0x36e6a1]
V  [jvm.dll+0x7f347c]
V  [jvm.dll+0x3f0e8f]
V  [jvm.dll+0x3f29d1]
C  [jli.dll+0x526b]
C  [ucrtbase.dll+0x21bb2]
C  [KERNEL32.DLL+0x17614]
C  [ntdll.dll+0x526b1]


---------------  P R O C E S S  ---------------

Threads class SMR info:
_java_thread_list=0x00007fffdbf9c058, length=0, elements={
}

Java Threads: ( => current thread )

Other Threads:
  0x0000023b865c51f0 GCTaskThread "GC Thread#0" [stack: 0x0000006e7c900000,0x0000006e7ca00000] [id=4432]
  0x0000023b865d5fb0 ConcurrentGCThread "G1 Main Marker" [stack: 0x0000006e7ca00000,0x0000006e7cb00000] [id=1108]
  0x0000023b865d69c0 ConcurrentGCThread "G1 Conc#0" [stack: 0x0000006e7cb00000,0x0000006e7cc00000] [id=16696]

[error occurred during error reporting (printing all threads), id 0xc0000005, EXCEPTION_ACCESS_VIOLATION (0xc0000005) at pc=0x00007fffdb750797]

VM state: not at safepoint (not fully initialized)

VM Mutex/Monitor currently owned by a thread:  ([mutex/lock_event])
[0x0000023b86551210] Heap_lock - owner thread: 0x0000023b86556ce0

Heap address: 0x0000000701800000, size: 4072 MB, Compressed Oops mode: Zero based, Oop shift amount: 3

CDS archive(s) mapped at: [0x0000000000000000-0x0000000000000000-0x0000000000000000), size 0, SharedBaseAddress: 0x0000000800000000, ArchiveRelocationMode: 0.
Narrow klass base: 0x0000000000000000, Narrow klass shift: 0, Narrow klass range: 0x0

GC Precious Log:
<Empty>

Heap:
 garbage-first heap   total 0K, used 0K [0x0000000701800000, 0x0000000800000000)
  region size 2048K, 0 young (0K), 0 survivors (0K)

[error occurred during error reporting (printing heap information), id 0xc0000005, EXCEPTION_ACCESS_VIOLATION (0xc0000005) at pc=0x00007fffdbb3d939]

GC Heap History (0 events):
No events

Dll operation events (1 events):
Event: 0.015 Loaded shared library D:\AndroidStudio\jbr\bin\java.dll

Deoptimization events (0 events):
No events

Classes unloaded (0 events):
No events

Classes redefined (0 events):
No events

Internal exceptions (0 events):
No events

VM Operations (0 events):
No events

Events (0 events):
No events


Dynamic libraries:
0x00007ff6332d0000 - 0x00007ff6332da000 	D:\AndroidStudio\jbr\bin\java.exe
0x00007ff820810000 - 0x00007ff820a08000 	C:\WINDOWS\SYSTEM32\ntdll.dll
0x00007ff820490000 - 0x00007ff82054f000 	C:\WINDOWS\System32\KERNEL32.DLL
0x00007ff81e090000 - 0x00007ff81e386000 	C:\WINDOWS\System32\KERNELBASE.dll
0x00007ff81df90000 - 0x00007ff81e090000 	C:\WINDOWS\System32\ucrtbase.dll
0x00007ff818570000 - 0x00007ff818587000 	D:\AndroidStudio\jbr\bin\jli.dll
0x00007ff820140000 - 0x00007ff8202dd000 	C:\WINDOWS\System32\USER32.dll
0x00007ff81e7b0000 - 0x00007ff81e7d2000 	C:\WINDOWS\System32\win32u.dll
0x00007ff820620000 - 0x00007ff82064c000 	C:\WINDOWS\System32\GDI32.dll
0x00007ff81e570000 - 0x00007ff81e685000 	C:\WINDOWS\System32\gdi32full.dll
0x00007ff81def0000 - 0x00007ff81df8d000 	C:\WINDOWS\System32\msvcp_win.dll
0x00007ffffcde0000 - 0x00007ffffcdfb000 	D:\AndroidStudio\jbr\bin\VCRUNTIME140.dll
0x00007ff80ad90000 - 0x00007ff80b02a000 	C:\WINDOWS\WinSxS\amd64_microsoft.windows.common-controls_6595b64144ccf1df_6.0.19041.1110_none_60b5254171f9507e\COMCTL32.dll
0x00007ff81f400000 - 0x00007ff81f49e000 	C:\WINDOWS\System32\msvcrt.dll
0x00007ff81f570000 - 0x00007ff81f5a0000 	C:\WINDOWS\System32\IMM32.DLL
0x00007ff8188a0000 - 0x00007ff8188ac000 	D:\AndroidStudio\jbr\bin\vcruntime140_1.dll
0x00007fffe1ae0000 - 0x00007fffe1b6d000 	D:\AndroidStudio\jbr\bin\msvcp140.dll
0x00007fffdb460000 - 0x00007fffdc0cd000 	D:\AndroidStudio\jbr\bin\server\jvm.dll
0x00007ff81f210000 - 0x00007ff81f2bf000 	C:\WINDOWS\System32\ADVAPI32.dll
0x00007ff81fa10000 - 0x00007ff81faac000 	C:\WINDOWS\System32\sechost.dll
0x00007ff81fb60000 - 0x00007ff81fc86000 	C:\WINDOWS\System32\RPCRT4.dll
0x00007ffffba60000 - 0x00007ffffba69000 	C:\WINDOWS\SYSTEM32\WSOCK32.dll
0x00007ff820550000 - 0x00007ff8205bb000 	C:\WINDOWS\System32\WS2_32.dll
0x00007ff807f50000 - 0x00007ff807f77000 	C:\WINDOWS\SYSTEM32\WINMM.dll
0x00007ff8167b0000 - 0x00007ff8167ba000 	C:\WINDOWS\SYSTEM32\VERSION.dll
0x00007ff81c720000 - 0x00007ff81c732000 	C:\WINDOWS\SYSTEM32\kernel.appcore.dll
0x00007ff818940000 - 0x00007ff81894a000 	D:\AndroidStudio\jbr\bin\jimage.dll
0x00007ff81c420000 - 0x00007ff81c604000 	C:\WINDOWS\SYSTEM32\DBGHELP.DLL
0x00007ff8054a0000 - 0x00007ff8054d4000 	C:\WINDOWS\SYSTEM32\dbgcore.DLL
0x00007ff81e7e0000 - 0x00007ff81e862000 	C:\WINDOWS\System32\bcryptPrimitives.dll
0x00007ff818690000 - 0x00007ff8186b5000 	D:\AndroidStudio\jbr\bin\java.dll

dbghelp: loaded successfully - version: 4.0.5 - missing functions: none
symbol engine: initialized successfully - sym options: 0x614 - pdb path: .;D:\AndroidStudio\jbr\bin;C:\WINDOWS\SYSTEM32;C:\WINDOWS\WinSxS\amd64_microsoft.windows.common-controls_6595b64144ccf1df_6.0.19041.1110_none_60b5254171f9507e;D:\AndroidStudio\jbr\bin\server

VM Arguments:
java_command: org.jetbrains.kotlin.cli.jvm.K2JVMCompiler @D:\Aktibo\app\build\20230829_3164898876294357163.compiler.options
java_class_path (initial): C:\Users\Cuenca\.gradle\caches\modules-2\files-2.1\org.jetbrains.kotlin\kotlin-compiler-embeddable\1.7.20\8db18559a581dd2c36ddfd5046af145650f5b126\kotlin-compiler-embeddable-1.7.20.jar;C:\Users\Cuenca\.gradle\caches\modules-2\files-2.1\org.jetbrains.kotlin\kotlin-reflect\1.7.20\12b2501e33bb6373e8e347c86d85481863629381\kotlin-reflect-1.7.20.jar;C:\Users\Cuenca\.gradle\caches\modules-2\files-2.1\org.jetbrains.kotlin\kotlin-stdlib\1.7.20\726594ea9ba2beb2ee113647fefa9a10f9fabe52\kotlin-stdlib-1.7.20.jar;C:\Users\Cuenca\.gradle\caches\modules-2\files-2.1\org.jetbrains.kotlin\kotlin-script-runtime\1.7.20\bcd1cc6f865e632550357fcc59f5ffd532615a8\kotlin-script-runtime-1.7.20.jar;C:\Users\Cuenca\.gradle\caches\modules-2\files-2.1\org.jetbrains.kotlin\kotlin-daemon-embeddable\1.7.20\1e24355adad8d529d75d5b19eab55484057431ba\kotlin-daemon-embeddable-1.7.20.jar;C:\Users\Cuenca\.gradle\caches\modules-2\files-2.1\org.jetbrains.intellij.deps\trove4j\1.0.20200330\3afb14d5f9ceb459d724e907a21145e8ff394f02\trove4j-1.0.20200330.jar;C:\Users\Cuenca\.gradle\caches\modules-2\files-2.1\net.java.dev.jna\jna\5.6.0\330f2244e9030119ab3030fc3fededc86713d9cc\jna-5.6.0.jar;C:\Users\Cuenca\.gradle\caches\modules-2\files-2.1\org.jetbrains.kotlin\kotlin-stdlib-common\1.7.20\e15351bdaf9fa06f009be5da7a202e4184f00ae3\kotlin-stdlib-common-1.7.20.jar;C:\Users\Cuenca\.gradle\caches\modules-2\files-2.1\org.jetbrains\annotations\13.0\919f0dfe192fb4e063e7dacadee7f8bb9a2672a9\annotations-13.0.jar
Launcher Type: SUN_STANDARD

[Global flags]
     intx CICompilerCount                          = 3                                         {product} {ergonomic}
     uint ConcGCThreads                            = 1                                         {product} {ergonomic}
     uint G1ConcRefinementThreads                  = 4                                         {product} {ergonomic}
   size_t G1HeapRegionSize                         = 2097152                                   {product} {ergonomic}
    uintx GCDrainStackTargetSize                   = 64                                        {product} {ergonomic}
   size_t InitialHeapSize                          = 268435456                                 {product} {ergonomic}
   size_t MarkStackSize                            = 4194304                                   {product} {ergonomic}
   size_t MaxHeapSize                              = 4269801472                                {product} {ergonomic}
   size_t MinHeapDeltaBytes                        = 2097152                                   {product} {ergonomic}
   size_t MinHeapSize                              = 8388608                                   {product} {ergonomic}
    uintx NonNMethodCodeHeapSize                   = 5832780                                {pd product} {ergonomic}
    uintx NonProfiledCodeHeapSize                  = 122912730                              {pd product} {ergonomic}
    uintx ProfiledCodeHeapSize                     = 122912730                              {pd product} {ergonomic}
    uintx ReservedCodeCacheSize                    = 251658240                              {pd product} {ergonomic}
     bool SegmentedCodeCache                       = true                                      {product} {ergonomic}
   size_t SoftMaxHeapSize                          = 4269801472                             {manageable} {ergonomic}
     bool UseCompressedClassPointers               = true                           {product lp64_product} {ergonomic}
     bool UseCompressedOops                        = true                           {product lp64_product} {ergonomic}
     bool UseG1GC                                  = true                                      {product} {ergonomic}
     bool UseLargePagesIndividualAllocation        = false                                  {pd product} {ergonomic}

Logging:
Log output configuration:
 #0: stdout all=warning uptime,level,tags
 #1: stderr all=off uptime,level,tags

Environment Variables:
JAVA_HOME=C:\Program Files (x86)\Java\jdk1.5.0_22
CLASSPATH=C:\Program Files (x86)\Java\jdk1.5.0_22\mysql-connector-java-5.1.49\mysql-connector-java-5.1.49-bin;.;
PATH=C:\Program Files\Common Files\Oracle\Java\javapath;C:\Program Files (x86)\Common Files\Oracle\Java\javapath;c:\windows\system32;C:\Program Files (x86)\Java\jre1.5.0_22\bin;C:\WINDOWS\system32;C:\WINDOWS;C:\WINDOWS\System32\Wbem;C:\WINDOWS\System32\WindowsPowerShell\v1.0\;C:\WINDOWS\System32\OpenSSH\;C:\Program Files (x86)\NVIDIA Corporation\PhysX\Common;C:\Program Files\dotnet\;C:\Program Files\Git\cmd;C:\Program Files\Git\bin;C:\Program Files\nodejs\;C:\Program Files (x86)\Java\jre1.5.0_22\bin;C:\Users\Cuenca\AppData\Local\Microsoft\WindowsApps;D:\PyCharm Community Edition 2021.3\bin;;D:\Microsoft VS Code\bin;C:\Users\Cuenca\.dotnet\tools;C:\Users\Cuenca\AppData\Roaming\npm
USERNAME=Cuenca
OS=Windows_NT
PROCESSOR_IDENTIFIER=Intel64 Family 6 Model 142 Stepping 9, GenuineIntel
TMP=C:\Users\Cuenca\AppData\Local\Temp
TEMP=C:\Users\Cuenca\AppData\Local\Temp



---------------  S Y S T E M  ---------------

OS:
 Windows 10 , 64 bit Build 19041 (10.0.19041.3155)
OS uptime: 0 days 11:43 hours

CPU: total 4 (initial active 4) (2 cores per cpu, 2 threads per core) family 6 model 142 stepping 9 microcode 0xb4, cx8, cmov, fxsr, ht, mmx, 3dnowpref, sse, sse2, sse3, ssse3, sse4.1, sse4.2, popcnt, lzcnt, tsc, tscinvbit, avx, avx2, aes, erms, clmul, bmi1, bmi2, adx, fma, vzeroupper, clflush, clflushopt

Memory: 4k page, system-wide physical 16282M (2752M free)
TotalPageFile size 20172M (AvailPageFile size 66M)
current process WorkingSet (physical memory assigned to process): 10M, peak: 10M
current process commit charge ("private bytes"): 51M, peak: 307M

vm_info: OpenJDK 64-Bit Server VM (17.0.6+0-b2043.56-9586694) for windows-amd64 JRE (17.0.6+0-b2043.56-9586694), built on Feb  9 2023 20:06:20 by "androidbuild" with MS VC++ 16.10 / 16.11 (VS2019)

END.
