#
# There is insufficient memory for the Java Runtime Environment to continue.
# Native memory allocation (mmap) failed to map 268435456 bytes for G1 virtual space
# Possible reasons:
#   The system is out of physical RAM or swap space
#   The process is running with CompressedOops enabled, and the Java Heap may be blocking the growth of the native heap
# Possible solutions:
#   Reduce memory load on the system
#   Increase physical memory or swap space
#   Check if swap backing store is full
#   Decrease Java heap size (-Xmx/-Xms)
#   Decrease number of Java threads
#   Decrease Java thread stack sizes (-Xss)
#   Set larger code cache with -XX:ReservedCodeCacheSize=
#   JVM is running with Zero Based Compressed Oops mode in which the Java heap is
#     placed in the first 32GB address space. The Java Heap base address is the
#     maximum limit for the native heap growth. Please use -XX:HeapBaseMinAddress
#     to set the Java Heap base and to place the Java Heap above 32GB virtual address.
# This output file may be truncated or incomplete.
#
#  Out of Memory Error (os_windows.cpp:3771), pid=2536, tid=11764
#
# JRE version:  (17.0.7) (build )
# Java VM: OpenJDK 64-Bit Server VM (17.0.7+0-b2043.56-10550314, mixed mode, sharing, tiered, compressed oops, compressed class ptrs, g1 gc, windows-amd64)
# No core dump will be written. Minidumps are not enabled by default on client versions of Windows
#

---------------  S U M M A R Y ------------

Command Line: git4idea.http.GitAskPassApp Username for 'https://github.com': 

Host: Intel(R) Core(TM) i5-7200U CPU @ 2.50GHz, 4 cores, 15G,  Windows 10 , 64 bit Build 19041 (10.0.19041.3636)
Time: Sun Dec 17 01:35:32 2023 Malay Peninsula Standard Time elapsed time: 0.015240 seconds (0d 0h 0m 0s)

---------------  T H R E A D  ---------------

Current thread (0x000001e118f6d940):  JavaThread "Unknown thread" [_thread_in_vm, id=11764, stack(0x0000006ecbc00000,0x0000006ecbd00000)]

Stack: [0x0000006ecbc00000,0x0000006ecbd00000]
Native frames: (J=compiled Java code, j=interpreted, Vv=VM code, C=native code)
V  [jvm.dll+0x683bfa]
V  [jvm.dll+0x8430a4]
V  [jvm.dll+0x8449be]
V  [jvm.dll+0x845023]
V  [jvm.dll+0x24ad2f]
V  [jvm.dll+0x680ac9]
V  [jvm.dll+0x67519a]
V  [jvm.dll+0x30b3cb]
V  [jvm.dll+0x312876]
V  [jvm.dll+0x36221e]
V  [jvm.dll+0x36244f]
V  [jvm.dll+0x2e14a8]
V  [jvm.dll+0x2e2414]
V  [jvm.dll+0x814391]
V  [jvm.dll+0x36ffe1]
V  [jvm.dll+0x7f396c]
V  [jvm.dll+0x3f305f]
V  [jvm.dll+0x3f4b91]
C  [jli.dll+0x528f]
C  [ucrtbase.dll+0x21bb2]
C  [KERNEL32.DLL+0x17344]
C  [ntdll.dll+0x526b1]


---------------  P R O C E S S  ---------------

Threads class SMR info:
_java_thread_list=0x00007ffa4eb9d098, length=0, elements={
}

Java Threads: ( => current thread )

Other Threads:
  0x000001e118fd6c80 GCTaskThread "GC Thread#0" [stack: 0x0000006ecbd00000,0x0000006ecbe00000] [id=1416]
  0x000001e118fe7a40 ConcurrentGCThread "G1 Main Marker" [stack: 0x0000006ecbe00000,0x0000006ecbf00000] [id=20888]
  0x000001e118fe8450 ConcurrentGCThread "G1 Conc#0" [stack: 0x0000006ecbf00000,0x0000006ecc000000] [id=18308]

[error occurred during error reporting (printing all threads), id 0xc0000005, EXCEPTION_ACCESS_VIOLATION (0xc0000005) at pc=0x00007ffa4e352087]

VM state: not at safepoint (not fully initialized)

VM Mutex/Monitor currently owned by a thread:  ([mutex/lock_event])
[0x000001e118f69230] Heap_lock - owner thread: 0x000001e118f6d940

Heap address: 0x0000000701800000, size: 4072 MB, Compressed Oops mode: Zero based, Oop shift amount: 3

CDS archive(s) mapped at: [0x0000000000000000-0x0000000000000000-0x0000000000000000), size 0, SharedBaseAddress: 0x0000000800000000, ArchiveRelocationMode: 0.
Narrow klass base: 0x0000000000000000, Narrow klass shift: 0, Narrow klass range: 0x0

GC Precious Log:
<Empty>

Heap:
 garbage-first heap   total 0K, used 0K [0x0000000701800000, 0x0000000800000000)
  region size 2048K, 0 young (0K), 0 survivors (0K)
 Metaspace       used 0K, committed 0K, reserved 0K
  class space    used 0K, committed 0K, reserved 0K

Heap Regions: E=young(eden), S=young(survivor), O=old, HS=humongous(starts), HC=humongous(continues), CS=collection set, F=free, OA=open archive, CA=closed archive, TAMS=top-at-mark-start (previous, next)

Card table byte_map: [0x000001e12bc50000,0x000001e12c450000] _byte_map_base: 0x000001e128444000

Marking Bits (Prev, Next): (CMBitMap*) 0x000001e118fd7290, (CMBitMap*) 0x000001e118fd72d0
 Prev Bits: [0x000001e12cc50000, 0x000001e130bf0000)
 Next Bits: [0x000001e130bf0000, 0x000001e134b90000)

GC Heap History (0 events):
No events

Dll operation events (1 events):
Event: 0.009 Loaded shared library D:\Android Studio\jbr\bin\java.dll

Deoptimization events (0 events):
No events

Classes unloaded (0 events):
No events

Classes redefined (0 events):
No events

Internal exceptions (0 events):
No events

VM Operations (0 events):
No events

Events (0 events):
No events


Dynamic libraries:
0x00007ff6dce70000 - 0x00007ff6dce7a000 	D:\Android Studio\jbr\bin\java.exe
0x00007ffaf35d0000 - 0x00007ffaf37c8000 	C:\WINDOWS\SYSTEM32\ntdll.dll
0x00007ffaf30a0000 - 0x00007ffaf315d000 	C:\WINDOWS\System32\KERNEL32.DLL
0x00007ffaf1190000 - 0x00007ffaf1486000 	C:\WINDOWS\System32\KERNELBASE.dll
0x00007ffaf1530000 - 0x00007ffaf1630000 	C:\WINDOWS\System32\ucrtbase.dll
0x00007ffaebe70000 - 0x00007ffaebe8b000 	D:\Android Studio\jbr\bin\VCRUNTIME140.dll
0x00007ffa5c3d0000 - 0x00007ffa5c3e7000 	D:\Android Studio\jbr\bin\jli.dll
0x00007ffaf23c0000 - 0x00007ffaf255e000 	C:\WINDOWS\System32\USER32.dll
0x00007ffaf10f0000 - 0x00007ffaf1112000 	C:\WINDOWS\System32\win32u.dll
0x00007ffaf2b10000 - 0x00007ffaf2b3c000 	C:\WINDOWS\System32\GDI32.dll
0x00007ffaddef0000 - 0x00007ffade18a000 	C:\WINDOWS\WinSxS\amd64_microsoft.windows.common-controls_6595b64144ccf1df_6.0.19041.3636_none_60b6a03d71f818d5\COMCTL32.dll
0x00007ffaf0cb0000 - 0x00007ffaf0dca000 	C:\WINDOWS\System32\gdi32full.dll
0x00007ffaf1490000 - 0x00007ffaf152d000 	C:\WINDOWS\System32\msvcp_win.dll
0x00007ffaf3230000 - 0x00007ffaf32ce000 	C:\WINDOWS\System32\msvcrt.dll
0x00007ffaf34c0000 - 0x00007ffaf34f0000 	C:\WINDOWS\System32\IMM32.DLL
0x00007ffaebee0000 - 0x00007ffaebeec000 	D:\Android Studio\jbr\bin\vcruntime140_1.dll
0x00007ffaea710000 - 0x00007ffaea79d000 	D:\Android Studio\jbr\bin\msvcp140.dll
0x00007ffa4e060000 - 0x00007ffa4ece0000 	D:\Android Studio\jbr\bin\server\jvm.dll
0x00007ffaf26e0000 - 0x00007ffaf278f000 	C:\WINDOWS\System32\ADVAPI32.dll
0x00007ffaf34f0000 - 0x00007ffaf358c000 	C:\WINDOWS\System32\sechost.dll
0x00007ffaf32d0000 - 0x00007ffaf33f6000 	C:\WINDOWS\System32\RPCRT4.dll
0x00007ffae9550000 - 0x00007ffae955a000 	C:\WINDOWS\SYSTEM32\VERSION.dll
0x00007ffacf340000 - 0x00007ffacf349000 	C:\WINDOWS\SYSTEM32\WSOCK32.dll
0x00007ffada410000 - 0x00007ffada437000 	C:\WINDOWS\SYSTEM32\WINMM.dll
0x00007ffaf3160000 - 0x00007ffaf31cb000 	C:\WINDOWS\System32\WS2_32.dll
0x00007ffaef4f0000 - 0x00007ffaef502000 	C:\WINDOWS\SYSTEM32\kernel.appcore.dll
0x00007ffaca660000 - 0x00007ffaca66a000 	D:\Android Studio\jbr\bin\jimage.dll
0x00007ffaef200000 - 0x00007ffaef3e4000 	C:\WINDOWS\SYSTEM32\DBGHELP.DLL
0x00007ffad7bc0000 - 0x00007ffad7bf4000 	C:\WINDOWS\SYSTEM32\dbgcore.DLL
0x00007ffaf0f00000 - 0x00007ffaf0f82000 	C:\WINDOWS\System32\bcryptPrimitives.dll
0x00007ffaa6cb0000 - 0x00007ffaa6cd5000 	D:\Android Studio\jbr\bin\java.dll

dbghelp: loaded successfully - version: 4.0.5 - missing functions: none
symbol engine: initialized successfully - sym options: 0x614 - pdb path: .;D:\Android Studio\jbr\bin;C:\WINDOWS\SYSTEM32;C:\WINDOWS\WinSxS\amd64_microsoft.windows.common-controls_6595b64144ccf1df_6.0.19041.3636_none_60b6a03d71f818d5;D:\Android Studio\jbr\bin\server

VM Arguments:
java_command: git4idea.http.GitAskPassApp Username for 'https://github.com': 
java_class_path (initial): D:/Android Studio/plugins/vcs-git/lib/git4idea-rt.jar;D:/Android Studio/lib/externalProcess-rt.jar
Launcher Type: SUN_STANDARD

[Global flags]
     intx CICompilerCount                          = 3                                         {product} {ergonomic}
     uint ConcGCThreads                            = 1                                         {product} {ergonomic}
     uint G1ConcRefinementThreads                  = 4                                         {product} {ergonomic}
   size_t G1HeapRegionSize                         = 2097152                                   {product} {ergonomic}
    uintx GCDrainStackTargetSize                   = 64                                        {product} {ergonomic}
   size_t InitialHeapSize                          = 268435456                                 {product} {ergonomic}
   size_t MarkStackSize                            = 4194304                                   {product} {ergonomic}
   size_t MaxHeapSize                              = 4269801472                                {product} {ergonomic}
   size_t MinHeapDeltaBytes                        = 2097152                                   {product} {ergonomic}
   size_t MinHeapSize                              = 8388608                                   {product} {ergonomic}
    uintx NonNMethodCodeHeapSize                   = 5832780                                {pd product} {ergonomic}
    uintx NonProfiledCodeHeapSize                  = 122912730                              {pd product} {ergonomic}
    uintx ProfiledCodeHeapSize                     = 122912730                              {pd product} {ergonomic}
    uintx ReservedCodeCacheSize                    = 251658240                              {pd product} {ergonomic}
     bool SegmentedCodeCache                       = true                                      {product} {ergonomic}
   size_t SoftMaxHeapSize                          = 4269801472                             {manageable} {ergonomic}
     bool UseCompressedClassPointers               = true                           {product lp64_product} {ergonomic}
     bool UseCompressedOops                        = true                           {product lp64_product} {ergonomic}
     bool UseG1GC                                  = true                                      {product} {ergonomic}
     bool UseLargePagesIndividualAllocation        = false                                  {pd product} {ergonomic}

Logging:
Log output configuration:
 #0: stdout all=warning uptime,level,tags
 #1: stderr all=off uptime,level,tags

Environment Variables:
JAVA_HOME=C:\Program Files (x86)\Java\jdk1.5.0_22
CLASSPATH=C:\Program Files (x86)\Java\jdk1.5.0_22\mysql-connector-java-5.1.49\mysql-connector-java-5.1.49-bin;.;
PATH=C:\Program Files\Git\mingw64\libexec\git-core;C:\Program Files\Git\mingw64\libexec\git-core;C:\Program Files\Git\mingw64\bin;C:\Program Files\Git\usr\bin;C:\Users\Cuenca\bin;C:\Program Files\Common Files\Oracle\Java\javapath;C:\Program Files (x86)\Common Files\Oracle\Java\javapath;C:\windows\system32;C:\Program Files (x86)\Java\jre1.5.0_22\bin;C:\WINDOWS\system32;C:\WINDOWS;C:\WINDOWS\System32\Wbem;C:\WINDOWS\System32\WindowsPowerShell\v1.0;C:\WINDOWS\System32\OpenSSH;C:\Program Files (x86)\NVIDIA Corporation\PhysX\Common;C:\Program Files\dotnet;C:\Program Files\Git\cmd;C:\Program Files\Git\usr\bin;C:\Program Files\nodejs;D:\anaconda3;D:\anaconda3\Library\mingw-w64\bin;D:\anaconda3\Library\usr\bin;D:\anaconda3\Library\bin;D:\anaconda3\Scripts;C:\Program Files (x86)\Java\jre1.5.0_22\bin;C:\Users\Cuenca\AppData\Local\Microsoft\WindowsApps;D:\PyCharm Community Edition 2023.2.3\bin;D:\Microsoft VS Code\bin;C:\Users\Cuenca\.dotnet\tools;C:\Users\Cuenca\AppData\Roaming\npm
USERNAME=Cuenca
DISPLAY=:0.0
LC_ALL=en_US.UTF-8
TERM=xterm-256color
TMPDIR=C:\Users\Cuenca\AppData\Local\Temp
OS=Windows_NT
PROCESSOR_IDENTIFIER=Intel64 Family 6 Model 142 Stepping 9, GenuineIntel
TMP=C:\Users\Cuenca\AppData\Local\Temp
TEMP=C:\Users\Cuenca\AppData\Local\Temp


JNI global refs:
JNI global refs: 0, weak refs: 0

JNI global refs memory usage: 0, weak refs: 0

OOME stack traces (most recent first):
Classloader memory used:


---------------  S Y S T E M  ---------------

OS:
 Windows 10 , 64 bit Build 19041 (10.0.19041.3636)
OS uptime: 0 days 12:43 hours

CPU: total 4 (initial active 4) (2 cores per cpu, 2 threads per core) family 6 model 142 stepping 9 microcode 0xb4, cx8, cmov, fxsr, ht, mmx, 3dnowpref, sse, sse2, sse3, ssse3, sse4.1, sse4.2, popcnt, lzcnt, tsc, tscinvbit, avx, avx2, aes, erms, clmul, bmi1, bmi2, adx, fma, vzeroupper, clflush, clflushopt

Memory: 4k page, system-wide physical 16282M (2529M free)
TotalPageFile size 21354M (AvailPageFile size 221M)
current process WorkingSet (physical memory assigned to process): 10M, peak: 10M
current process commit charge ("private bytes"): 51M, peak: 307M

vm_info: OpenJDK 64-Bit Server VM (17.0.7+0-b2043.56-10550314) for windows-amd64 JRE (17.0.7+0-b2043.56-10550314), built on Jul 24 2023 18:27:45 by "androidbuild" with MS VC++ 16.10 / 16.11 (VS2019)

END.
