#
# There is insufficient memory for the Java Runtime Environment to continue.
# Native memory allocation (mmap) failed to map 268435456 bytes for G1 virtual space
# Possible reasons:
#   The system is out of physical RAM or swap space
#   The process is running with CompressedOops enabled, and the Java Heap may be blocking the growth of the native heap
# Possible solutions:
#   Reduce memory load on the system
#   Increase physical memory or swap space
#   Check if swap backing store is full
#   Decrease Java heap size (-Xmx/-Xms)
#   Decrease number of Java threads
#   Decrease Java thread stack sizes (-Xss)
#   Set larger code cache with -XX:ReservedCodeCacheSize=
#   JVM is running with Zero Based Compressed Oops mode in which the Java heap is
#     placed in the first 32GB address space. The Java Heap base address is the
#     maximum limit for the native heap growth. Please use -XX:HeapBaseMinAddress
#     to set the Java Heap base and to place the Java Heap above 32GB virtual address.
# This output file may be truncated or incomplete.
#
#  Out of Memory Error (os_windows.cpp:3771), pid=12148, tid=22856
#
# JRE version:  (17.0.7) (build )
# Java VM: OpenJDK 64-Bit Server VM (17.0.7+0-b2043.56-10550314, mixed mode, sharing, tiered, compressed oops, compressed class ptrs, g1 gc, windows-amd64)
# No core dump will be written. Minidumps are not enabled by default on client versions of Windows
#

---------------  S U M M A R Y ------------

Command Line: -Djava.awt.headless=true -Djava.util.logging.config.file=C:\Users\Cuenca\.android\utp\logging12159253157391047796properties -Dfile.encoding=UTF-8 -Duser.country=PH -Duser.language=en -Duser.variant com.google.testing.platform.launcher.Launcher C:\Users\Cuenca\.gradle\caches\modules-2\files-2.1\com.google.testing.platform\core\0.0.8-alpha08\762b033d6dcf24e44af8ccc5428ceb3eef540e37\core-0.0.8-alpha08.jar --proto_config=C:\Users\Cuenca\.android\utp\runnerConfig10748846816593765193.pb --proto_server_config=C:\Users\Cuenca\.android\utp\serverConfig17507348681122198352.pb

Host: Intel(R) Core(TM) i5-7200U CPU @ 2.50GHz, 4 cores, 15G,  Windows 10 , 64 bit Build 19041 (10.0.19041.3636)
Time: Fri Apr 26 09:22:16 2024 Malay Peninsula Standard Time elapsed time: 0.074286 seconds (0d 0h 0m 0s)

---------------  T H R E A D  ---------------

Current thread (0x000001a089f93500):  JavaThread "Unknown thread" [_thread_in_vm, id=22856, stack(0x000000876d000000,0x000000876d100000)]

Stack: [0x000000876d000000,0x000000876d100000]
Native frames: (J=compiled Java code, j=interpreted, Vv=VM code, C=native code)
V  [jvm.dll+0x683bfa]
V  [jvm.dll+0x8430a4]
V  [jvm.dll+0x8449be]
V  [jvm.dll+0x845023]
V  [jvm.dll+0x24ad2f]
V  [jvm.dll+0x680ac9]
V  [jvm.dll+0x67519a]
V  [jvm.dll+0x30b3cb]
V  [jvm.dll+0x312876]
V  [jvm.dll+0x36221e]
V  [jvm.dll+0x36244f]
V  [jvm.dll+0x2e14a8]
V  [jvm.dll+0x2e2414]
V  [jvm.dll+0x814391]
V  [jvm.dll+0x36ffe1]
V  [jvm.dll+0x7f396c]
V  [jvm.dll+0x3f305f]
V  [jvm.dll+0x3f4b91]
C  [jli.dll+0x528f]
C  [ucrtbase.dll+0x21bb2]
C  [KERNEL32.DLL+0x17344]
C  [ntdll.dll+0x526b1]


---------------  P R O C E S S  ---------------

Threads class SMR info:
_java_thread_list=0x00007ffbf079d098, length=0, elements={
}

Java Threads: ( => current thread )

Other Threads:
  0x000001a089ffc840 GCTaskThread "GC Thread#0" [stack: 0x000000876d100000,0x000000876d200000] [id=244]
  0x000001a08a00dda0 ConcurrentGCThread "G1 Main Marker" [stack: 0x000000876d200000,0x000000876d300000] [id=21240]
  0x000001a08a00e7b0 ConcurrentGCThread "G1 Conc#0" [stack: 0x000000876d300000,0x000000876d400000] [id=23424]

[error occurred during error reporting (printing all threads), id 0xc0000005, EXCEPTION_ACCESS_VIOLATION (0xc0000005) at pc=0x00007ffbeff52087]

VM state: not at safepoint (not fully initialized)

VM Mutex/Monitor currently owned by a thread:  ([mutex/lock_event])
[0x000001a089f8d3d0] Heap_lock - owner thread: 0x000001a089f93500

Heap address: 0x0000000701800000, size: 4072 MB, Compressed Oops mode: Zero based, Oop shift amount: 3

CDS archive(s) mapped at: [0x0000000000000000-0x0000000000000000-0x0000000000000000), size 0, SharedBaseAddress: 0x0000000800000000, ArchiveRelocationMode: 0.
Narrow klass base: 0x0000000000000000, Narrow klass shift: 0, Narrow klass range: 0x0

GC Precious Log:
<Empty>

Heap:
 garbage-first heap   total 0K, used 0K [0x0000000701800000, 0x0000000800000000)
  region size 2048K, 0 young (0K), 0 survivors (0K)
 Metaspace       used 0K, committed 0K, reserved 0K
  class space    used 0K, committed 0K, reserved 0K

Heap Regions: E=young(eden), S=young(survivor), O=old, HS=humongous(starts), HC=humongous(continues), CS=collection set, F=free, OA=open archive, CA=closed archive, TAMS=top-at-mark-start (previous, next)

Card table byte_map: [0x000001a09cc70000,0x000001a09d470000] _byte_map_base: 0x000001a099464000

Marking Bits (Prev, Next): (CMBitMap*) 0x000001a089ffce50, (CMBitMap*) 0x000001a089ffce90
 Prev Bits: [0x000001a09dc70000, 0x000001a0a1c10000)
 Next Bits: [0x000001a0a1c10000, 0x000001a0a5bb0000)

GC Heap History (0 events):
No events

Dll operation events (1 events):
Event: 0.010 Loaded shared library D:\Android Studio\jbr\bin\java.dll

Deoptimization events (0 events):
No events

Classes unloaded (0 events):
No events

Classes redefined (0 events):
No events

Internal exceptions (0 events):
No events

VM Operations (0 events):
No events

Events (0 events):
No events


Dynamic libraries:
0x00007ff7b0b10000 - 0x00007ff7b0b1a000 	D:\Android Studio\jbr\bin\java.exe
0x00007ffc35490000 - 0x00007ffc35688000 	C:\WINDOWS\SYSTEM32\ntdll.dll
0x00007ffc334c0000 - 0x00007ffc3357d000 	C:\WINDOWS\System32\KERNEL32.DLL
0x00007ffc32d20000 - 0x00007ffc33016000 	C:\WINDOWS\System32\KERNELBASE.dll
0x00007ffc331e0000 - 0x00007ffc332e0000 	C:\WINDOWS\System32\ucrtbase.dll
0x00007ffc12b10000 - 0x00007ffc12b2b000 	D:\Android Studio\jbr\bin\VCRUNTIME140.dll
0x00007ffc2c400000 - 0x00007ffc2c417000 	D:\Android Studio\jbr\bin\jli.dll
0x00007ffc33580000 - 0x00007ffc3371f000 	C:\WINDOWS\System32\USER32.dll
0x00007ffc33490000 - 0x00007ffc334b2000 	C:\WINDOWS\System32\win32u.dll
0x00007ffc1f100000 - 0x00007ffc1f39a000 	C:\WINDOWS\WinSxS\amd64_microsoft.windows.common-controls_6595b64144ccf1df_6.0.19041.3636_none_60b6a03d71f818d5\COMCTL32.dll
0x00007ffc350d0000 - 0x00007ffc350fb000 	C:\WINDOWS\System32\GDI32.dll
0x00007ffc33720000 - 0x00007ffc337be000 	C:\WINDOWS\System32\msvcrt.dll
0x00007ffc32b40000 - 0x00007ffc32c57000 	C:\WINDOWS\System32\gdi32full.dll
0x00007ffc33140000 - 0x00007ffc331dd000 	C:\WINDOWS\System32\msvcp_win.dll
0x00007ffc35090000 - 0x00007ffc350c2000 	C:\WINDOWS\System32\IMM32.DLL
0x00007ffc1dd90000 - 0x00007ffc1dd9c000 	D:\Android Studio\jbr\bin\vcruntime140_1.dll
0x00007ffbf08e0000 - 0x00007ffbf096d000 	D:\Android Studio\jbr\bin\msvcp140.dll
0x00007ffbefc60000 - 0x00007ffbf08e0000 	D:\Android Studio\jbr\bin\server\jvm.dll
0x00007ffc34e20000 - 0x00007ffc34ed0000 	C:\WINDOWS\System32\ADVAPI32.dll
0x00007ffc337c0000 - 0x00007ffc33860000 	C:\WINDOWS\System32\sechost.dll
0x00007ffc339a0000 - 0x00007ffc33ac3000 	C:\WINDOWS\System32\RPCRT4.dll
0x00007ffc32cf0000 - 0x00007ffc32d17000 	C:\WINDOWS\System32\bcrypt.dll
0x00007ffc10990000 - 0x00007ffc10999000 	C:\WINDOWS\SYSTEM32\WSOCK32.dll
0x00007ffc2ace0000 - 0x00007ffc2acea000 	C:\WINDOWS\SYSTEM32\VERSION.dll
0x00007ffc1c370000 - 0x00007ffc1c397000 	C:\WINDOWS\SYSTEM32\WINMM.dll
0x00007ffc35160000 - 0x00007ffc351cb000 	C:\WINDOWS\System32\WS2_32.dll
0x00007ffc31360000 - 0x00007ffc31372000 	C:\WINDOWS\SYSTEM32\kernel.appcore.dll
0x00007ffc2e450000 - 0x00007ffc2e45a000 	D:\Android Studio\jbr\bin\jimage.dll
0x00007ffc30830000 - 0x00007ffc30a14000 	C:\WINDOWS\SYSTEM32\DBGHELP.DLL
0x00007ffc18f40000 - 0x00007ffc18f74000 	C:\WINDOWS\SYSTEM32\dbgcore.DLL
0x00007ffc32c60000 - 0x00007ffc32ce2000 	C:\WINDOWS\System32\bcryptPrimitives.dll
0x00007ffc2d180000 - 0x00007ffc2d1a5000 	D:\Android Studio\jbr\bin\java.dll

dbghelp: loaded successfully - version: 4.0.5 - missing functions: none
symbol engine: initialized successfully - sym options: 0x614 - pdb path: .;D:\Android Studio\jbr\bin;C:\WINDOWS\SYSTEM32;C:\WINDOWS\WinSxS\amd64_microsoft.windows.common-controls_6595b64144ccf1df_6.0.19041.3636_none_60b6a03d71f818d5;D:\Android Studio\jbr\bin\server

VM Arguments:
jvm_args: -Djava.awt.headless=true -Djava.util.logging.config.file=C:\Users\Cuenca\.android\utp\logging12159253157391047796properties -Dfile.encoding=UTF-8 -Duser.country=PH -Duser.language=en -Duser.variant 
java_command: com.google.testing.platform.launcher.Launcher C:\Users\Cuenca\.gradle\caches\modules-2\files-2.1\com.google.testing.platform\core\0.0.8-alpha08\762b033d6dcf24e44af8ccc5428ceb3eef540e37\core-0.0.8-alpha08.jar --proto_config=C:\Users\Cuenca\.android\utp\runnerConfig10748846816593765193.pb --proto_server_config=C:\Users\Cuenca\.android\utp\serverConfig17507348681122198352.pb
java_class_path (initial): C:\Users\Cuenca\.gradle\caches\modules-2\files-2.1\com.google.testing.platform\launcher\0.0.8-alpha08\de8664b74f9b70fea224c610fd41b802805c72ab\launcher-0.0.8-alpha08.jar
Launcher Type: SUN_STANDARD

[Global flags]
     intx CICompilerCount                          = 3                                         {product} {ergonomic}
     uint ConcGCThreads                            = 1                                         {product} {ergonomic}
     uint G1ConcRefinementThreads                  = 4                                         {product} {ergonomic}
   size_t G1HeapRegionSize                         = 2097152                                   {product} {ergonomic}
    uintx GCDrainStackTargetSize                   = 64                                        {product} {ergonomic}
   size_t InitialHeapSize                          = 268435456                                 {product} {ergonomic}
   size_t MarkStackSize                            = 4194304                                   {product} {ergonomic}
   size_t MaxHeapSize                              = 4269801472                                {product} {ergonomic}
   size_t MinHeapDeltaBytes                        = 2097152                                   {product} {ergonomic}
   size_t MinHeapSize                              = 8388608                                   {product} {ergonomic}
    uintx NonNMethodCodeHeapSize                   = 5832780                                {pd product} {ergonomic}
    uintx NonProfiledCodeHeapSize                  = 122912730                              {pd product} {ergonomic}
    uintx ProfiledCodeHeapSize                     = 122912730                              {pd product} {ergonomic}
    uintx ReservedCodeCacheSize                    = 251658240                              {pd product} {ergonomic}
     bool SegmentedCodeCache                       = true                                      {product} {ergonomic}
   size_t SoftMaxHeapSize                          = 4269801472                             {manageable} {ergonomic}
     bool UseCompressedClassPointers               = true                           {product lp64_product} {ergonomic}
     bool UseCompressedOops                        = true                           {product lp64_product} {ergonomic}
     bool UseG1GC                                  = true                                      {product} {ergonomic}
     bool UseLargePagesIndividualAllocation        = false                                  {pd product} {ergonomic}

Logging:
Log output configuration:
 #0: stdout all=warning uptime,level,tags
 #1: stderr all=off uptime,level,tags

Environment Variables:
JAVA_HOME=C:\Program Files (x86)\Java\jdk1.5.0_22
CLASSPATH=C:\Program Files (x86)\Java\jdk1.5.0_22\mysql-connector-java-5.1.49\mysql-connector-java-5.1.49-bin;.;
PATH=C:\Program Files\Common Files\Oracle\Java\javapath;C:\Program Files (x86)\Common Files\Oracle\Java\javapath;c:\windows\system32;C:\Program Files (x86)\Java\jre1.5.0_22\bin;C:\WINDOWS\system32;C:\WINDOWS;C:\WINDOWS\System32\Wbem;C:\WINDOWS\System32\WindowsPowerShell\v1.0\;C:\WINDOWS\System32\OpenSSH\;C:\Program Files (x86)\NVIDIA Corporation\PhysX\Common;C:\Program Files\dotnet\;C:\Program Files\Git\cmd;C:\Program Files\Git\bin;C:\Program Files\nodejs\;D:\anaconda3;D:\anaconda3\Library\mingw-w64\bin;D:\anaconda3\Library\usr\bin;D:\anaconda3\Library\bin;D:\anaconda3\Scripts;C:\Program Files (x86)\Java\jre1.5.0_22\bin;C:\Users\Cuenca\AppData\Local\Microsoft\WindowsApps;D:\PyCharm Community Edition 2023.2.3\bin;;D:\Microsoft VS Code\bin;C:\Users\Cuenca\.dotnet\tools;C:\Users\Cuenca\AppData\Roaming\npm
USERNAME=Cuenca
OS=Windows_NT
PROCESSOR_IDENTIFIER=Intel64 Family 6 Model 142 Stepping 9, GenuineIntel
TMP=C:\Users\Cuenca\AppData\Local\Temp
TEMP=C:\Users\Cuenca\AppData\Local\Temp


JNI global refs:
JNI global refs: 0, weak refs: 0

JNI global refs memory usage: 0, weak refs: 0

OOME stack traces (most recent first):
Classloader memory used:


---------------  S Y S T E M  ---------------

OS:
 Windows 10 , 64 bit Build 19041 (10.0.19041.3636)
OS uptime: 0 days 22:49 hours

CPU: total 4 (initial active 4) (2 cores per cpu, 2 threads per core) family 6 model 142 stepping 9 microcode 0xb4, cx8, cmov, fxsr, ht, mmx, 3dnowpref, sse, sse2, sse3, ssse3, sse4.1, sse4.2, popcnt, lzcnt, tsc, tscinvbit, avx, avx2, aes, erms, clmul, bmi1, bmi2, adx, fma, vzeroupper, clflush, clflushopt

Memory: 4k page, system-wide physical 16282M (2059M free)
TotalPageFile size 21094M (AvailPageFile size 45M)
current process WorkingSet (physical memory assigned to process): 10M, peak: 10M
current process commit charge ("private bytes"): 51M, peak: 307M

vm_info: OpenJDK 64-Bit Server VM (17.0.7+0-b2043.56-10550314) for windows-amd64 JRE (17.0.7+0-b2043.56-10550314), built on Jul 24 2023 18:27:45 by "androidbuild" with MS VC++ 16.10 / 16.11 (VS2019)

END.
