#
# There is insufficient memory for the Java Runtime Environment to continue.
# Native memory allocation (mmap) failed to map 65536 bytes for Failed to commit metaspace.
# Possible reasons:
#   The system is out of physical RAM or swap space
#   The process is running with CompressedOops enabled, and the Java Heap may be blocking the growth of the native heap
# Possible solutions:
#   Reduce memory load on the system
#   Increase physical memory or swap space
#   Check if swap backing store is full
#   Decrease Java heap size (-Xmx/-Xms)
#   Decrease number of Java threads
#   Decrease Java thread stack sizes (-Xss)
#   Set larger code cache with -XX:ReservedCodeCacheSize=
#   JVM is running with Zero Based Compressed Oops mode in which the Java heap is
#     placed in the first 32GB address space. The Java Heap base address is the
#     maximum limit for the native heap growth. Please use -XX:HeapBaseMinAddress
#     to set the Java Heap base and to place the Java Heap above 32GB virtual address.
# This output file may be truncated or incomplete.
#
#  Out of Memory Error (virtualSpaceNode.cpp:110), pid=6612, tid=22444
#
# JRE version: OpenJDK Runtime Environment (17.0.7) (build 17.0.7+0-b2043.56-10550314)
# Java VM: OpenJDK 64-Bit Server VM (17.0.7+0-b2043.56-10550314, mixed mode, tiered, compressed oops, compressed class ptrs, g1 gc, windows-amd64)
# No core dump will be written. Minidumps are not enabled by default on client versions of Windows
#

---------------  S U M M A R Y ------------

Command Line: -Djava.awt.headless=true -Djava.util.logging.config.file=C:\Users\Cuenca\.android\utp\logging2702679788800715425properties -Dfile.encoding=UTF-8 -Duser.country=PH -Duser.language=en -Duser.variant com.google.testing.platform.launcher.Launcher C:\Users\Cuenca\.gradle\caches\modules-2\files-2.1\com.google.testing.platform\core\0.0.8-alpha08\762b033d6dcf24e44af8ccc5428ceb3eef540e37\core-0.0.8-alpha08.jar --proto_config=C:\Users\Cuenca\.android\utp\runnerConfig3417525450310901512.pb --proto_server_config=C:\Users\Cuenca\.android\utp\serverConfig12421795344563972986.pb

Host: Intel(R) Core(TM) i5-7200U CPU @ 2.50GHz, 4 cores, 15G,  Windows 10 , 64 bit Build 19041 (10.0.19041.3636)
Time: Fri Apr 26 09:29:46 2024 Malay Peninsula Standard Time elapsed time: 1.801708 seconds (0d 0h 0m 1s)

---------------  T H R E A D  ---------------

Current thread (0x0000027d4a1b2320):  JavaThread "main" [_thread_in_vm, id=22444, stack(0x000000942b800000,0x000000942b900000)]

Stack: [0x000000942b800000,0x000000942b900000]
Native frames: (J=compiled Java code, j=interpreted, Vv=VM code, C=native code)
V  [jvm.dll+0x683bfa]
V  [jvm.dll+0x8430a4]
V  [jvm.dll+0x8449be]
V  [jvm.dll+0x845023]
V  [jvm.dll+0x24ad2f]
V  [jvm.dll+0x83e45b]
V  [jvm.dll+0x6281e6]
V  [jvm.dll+0x1c29ee]
V  [jvm.dll+0x62ab31]
V  [jvm.dll+0x628b86]
V  [jvm.dll+0x23ec1f]
V  [jvm.dll+0x632a15]
V  [jvm.dll+0x1eea7b]
V  [jvm.dll+0x1eefb5]
V  [jvm.dll+0x1ef8d4]
V  [jvm.dll+0x1e4e1c]
V  [jvm.dll+0x54a1dd]
V  [jvm.dll+0x7bd775]
V  [jvm.dll+0x7bd88e]
V  [jvm.dll+0x413a8a]
V  [jvm.dll+0x419c09]
C  [java.dll+0x17ec]

Java frames: (J=compiled Java code, j=interpreted, Vv=VM code)
J 572  java.lang.ClassLoader.defineClass1(Ljava/lang/ClassLoader;Ljava/lang/String;[BIILjava/security/ProtectionDomain;Ljava/lang/String;)Ljava/lang/Class; java.base@17.0.7 (0 bytes) @ 0x0000027d55185a63 [0x0000027d551859a0+0x00000000000000c3]
J 568 c1 java.lang.ClassLoader.defineClass(Ljava/lang/String;[BIILjava/security/ProtectionDomain;)Ljava/lang/Class; java.base@17.0.7 (43 bytes) @ 0x0000027d4d78645c [0x0000027d4d786100+0x000000000000035c]
J 575 c1 java.security.SecureClassLoader.defineClass(Ljava/lang/String;[BIILjava/security/CodeSource;)Ljava/lang/Class; java.base@17.0.7 (16 bytes) @ 0x0000027d4d78cb8c [0x0000027d4d78cac0+0x00000000000000cc]
J 918 c1 java.net.URLClassLoader.defineClass(Ljava/lang/String;Ljdk/internal/loader/Resource;)Ljava/lang/Class; java.base@17.0.7 (224 bytes) @ 0x0000027d4d84940c [0x0000027d4d8479c0+0x0000000000001a4c]
J 574 c1 java.net.URLClassLoader$1.run()Ljava/lang/Class; java.base@17.0.7 (81 bytes) @ 0x0000027d4d78b71c [0x0000027d4d78aaa0+0x0000000000000c7c]
J 573 c1 java.net.URLClassLoader$1.run()Ljava/lang/Object; java.base@17.0.7 (5 bytes) @ 0x0000027d4d78a5c4 [0x0000027d4d78a540+0x0000000000000084]
J 556 c1 java.security.AccessController.doPrivileged(Ljava/security/PrivilegedExceptionAction;Ljava/security/AccessControlContext;)Ljava/lang/Object; java.base@17.0.7 (26 bytes) @ 0x0000027d4d78337c [0x0000027d4d7831a0+0x00000000000001dc]
J 551 c1 java.net.URLClassLoader.findClass(Ljava/lang/String;)Ljava/lang/Class; java.base@17.0.7 (47 bytes) @ 0x0000027d4d77cfa4 [0x0000027d4d77ce00+0x00000000000001a4]
J 456 c1 java.lang.ClassLoader.loadClass(Ljava/lang/String;Z)Ljava/lang/Class; java.base@17.0.7 (121 bytes) @ 0x0000027d4d74d774 [0x0000027d4d74d1c0+0x00000000000005b4]
J 314 c1 java.lang.ClassLoader.loadClass(Ljava/lang/String;)Ljava/lang/Class; java.base@17.0.7 (7 bytes) @ 0x0000027d4d6f58cc [0x0000027d4d6f57c0+0x000000000000010c]
v  ~StubRoutines::call_stub
j  io.netty.handler.ssl.OpenSsl.<clinit>()V+117
v  ~StubRoutines::call_stub
j  io.grpc.netty.GrpcSslContexts.defaultSslProvider()Lio/netty/handler/ssl/SslProvider;+0
j  io.grpc.netty.GrpcSslContexts.configure(Lio/netty/handler/ssl/SslContextBuilder;)Lio/netty/handler/ssl/SslContextBuilder;+1
j  io.grpc.netty.GrpcSslContexts.forClient()Lio/netty/handler/ssl/SslContextBuilder;+3
j  com.android.tools.utp.plugins.result.listener.gradle.GradleAndroidTestResultListener$1.invoke(Lcom/android/tools/utp/plugins/result/listener/gradle/proto/GradleAndroidTestResultListenerConfigProto$GradleAndroidTestResultListenerConfig;)Lio/grpc/ManagedChannel;+6
j  com.android.tools.utp.plugins.result.listener.gradle.GradleAndroidTestResultListener$1.invoke(Ljava/lang/Object;)Ljava/lang/Object;+5
j  com.android.tools.utp.plugins.result.listener.gradle.GradleAndroidTestResultListener.configure(Lcom/google/testing/platform/api/context/Context;)V+67
j  com.google.testing.platform.result.TestResultListenerLoader$Companion.loadAndConfigureListenersInConfig(Lcom/google/testing/platform/proto/api/config/RunnerConfigProto$RunnerConfig;Lcom/google/testing/platform/api/event/Events;)Ljava/util/List;+731
j  com.google.testing.platform.result.TestResultListenerLoader.loadAndConfigureListeners()Ljava/util/List;+11
j  com.google.testing.platform.result.inject.ListenerModule.externalListeners(Lcom/google/testing/platform/result/TestResultListenerLoader;)Ljava/util/Set;+7
j  com.google.testing.platform.result.inject.ListenerModule_ExternalListenersFactory.externalListeners(Lcom/google/testing/platform/result/inject/ListenerModule;Lcom/google/testing/platform/result/TestResultListenerLoader;)Ljava/util/Set;+2
j  com.google.testing.platform.inject.DaggerRunnerComponent$RunnerComponentImpl.externalListeners()Ljava/util/Set;+8
j  com.google.testing.platform.inject.DaggerRunnerComponent$RunnerComponentImpl.setOfTestResultListener()Ljava/util/Set;+5
j  com.google.testing.platform.inject.DaggerRunnerComponent$RunnerComponentImpl.testResultListenerManager()Lcom/google/testing/platform/result/TestResultListenerManager;+5
j  com.google.testing.platform.inject.DaggerRunnerComponent$RunnerComponentImpl.runnerImpl()Lcom/google/testing/platform/RunnerImpl;+13
j  com.google.testing.platform.inject.DaggerRunnerComponent$RunnerComponentImpl.getRunner()Lcom/google/testing/platform/Runner;+5
j  com.google.testing.platform.server.strategy.NonInteractiveServerStrategy.run(Lkotlin/coroutines/Continuation;)Ljava/lang/Object;+79
j  com.google.testing.platform.main.MainKt$main$4.invokeSuspend(Ljava/lang/Object;)Ljava/lang/Object;+50
j  kotlin.coroutines.jvm.internal.BaseContinuationImpl.resumeWith(Ljava/lang/Object;)V+44
j  kotlinx.coroutines.DispatchedTask.run()V+314
j  kotlinx.coroutines.EventLoopImplBase.processNextEvent()J+196
j  kotlinx.coroutines.BlockingCoroutine.joinBlocking()Ljava/lang/Object;+75
j  kotlinx.coroutines.BuildersKt__BuildersKt.runBlocking(Lkotlin/coroutines/CoroutineContext;Lkotlin/jvm/functions/Function2;)Ljava/lang/Object;+170
j  kotlinx.coroutines.BuildersKt.runBlocking(Lkotlin/coroutines/CoroutineContext;Lkotlin/jvm/functions/Function2;)Ljava/lang/Object;+2
j  kotlinx.coroutines.BuildersKt__BuildersKt.runBlocking$default(Lkotlin/coroutines/CoroutineContext;Lkotlin/jvm/functions/Function2;ILjava/lang/Object;)Ljava/lang/Object;+15
j  kotlinx.coroutines.BuildersKt.runBlocking$default(Lkotlin/coroutines/CoroutineContext;Lkotlin/jvm/functions/Function2;ILjava/lang/Object;)Ljava/lang/Object;+4
j  com.google.testing.platform.main.MainKt.main([Ljava/lang/String;Lkotlin/jvm/functions/Function1;)V+89
j  com.google.testing.platform.main.MainKt.main$default([Ljava/lang/String;Lkotlin/jvm/functions/Function1;ILjava/lang/Object;)V+15
j  com.google.testing.platform.main.MainKt.main([Ljava/lang/String;)V+10
v  ~StubRoutines::call_stub
j  jdk.internal.reflect.NativeMethodAccessorImpl.invoke0(Ljava/lang/reflect/Method;Ljava/lang/Object;[Ljava/lang/Object;)Ljava/lang/Object;+0 java.base@17.0.7
j  jdk.internal.reflect.NativeMethodAccessorImpl.invoke(Ljava/lang/Object;[Ljava/lang/Object;)Ljava/lang/Object;+133 java.base@17.0.7
j  jdk.internal.reflect.DelegatingMethodAccessorImpl.invoke(Ljava/lang/Object;[Ljava/lang/Object;)Ljava/lang/Object;+6 java.base@17.0.7
j  java.lang.reflect.Method.invoke(Ljava/lang/Object;[Ljava/lang/Object;)Ljava/lang/Object;+59 java.base@17.0.7
j  com.google.testing.platform.launcher.Launcher.main([Ljava/lang/String;)V+159
v  ~StubRoutines::call_stub

---------------  P R O C E S S  ---------------

Threads class SMR info:
_java_thread_list=0x0000027d6d2aa3e0, length=12, elements={
0x0000027d4a1b2320, 0x0000027d68464260, 0x0000027d684650d0, 0x0000027d68489000,
0x0000027d6848aed0, 0x0000027d6848e130, 0x0000027d6848f280, 0x0000027d68493cb0,
0x0000027d68494ef0, 0x0000027d684a0860, 0x0000027d6860b320, 0x0000027d68625280
}

Java Threads: ( => current thread )
=>0x0000027d4a1b2320 JavaThread "main" [_thread_in_vm, id=22444, stack(0x000000942b800000,0x000000942b900000)]
  0x0000027d68464260 JavaThread "Reference Handler" daemon [_thread_blocked, id=18740, stack(0x000000942bf00000,0x000000942c000000)]
  0x0000027d684650d0 JavaThread "Finalizer" daemon [_thread_blocked, id=30144, stack(0x000000942c000000,0x000000942c100000)]
  0x0000027d68489000 JavaThread "Signal Dispatcher" daemon [_thread_blocked, id=22312, stack(0x000000942c100000,0x000000942c200000)]
  0x0000027d6848aed0 JavaThread "Attach Listener" daemon [_thread_blocked, id=5516, stack(0x000000942c200000,0x000000942c300000)]
  0x0000027d6848e130 JavaThread "Service Thread" daemon [_thread_blocked, id=15508, stack(0x000000942c300000,0x000000942c400000)]
  0x0000027d6848f280 JavaThread "Monitor Deflation Thread" daemon [_thread_blocked, id=7120, stack(0x000000942c400000,0x000000942c500000)]
  0x0000027d68493cb0 JavaThread "C2 CompilerThread0" daemon [_thread_blocked, id=24084, stack(0x000000942c500000,0x000000942c600000)]
  0x0000027d68494ef0 JavaThread "C1 CompilerThread0" daemon [_thread_blocked, id=3544, stack(0x000000942c600000,0x000000942c700000)]
  0x0000027d684a0860 JavaThread "Sweeper thread" daemon [_thread_blocked, id=22668, stack(0x000000942c700000,0x000000942c800000)]
  0x0000027d6860b320 JavaThread "Notification Thread" daemon [_thread_blocked, id=26116, stack(0x000000942c800000,0x000000942c900000)]
  0x0000027d68625280 JavaThread "Common-Cleaner" daemon [_thread_blocked, id=29308, stack(0x000000942ca00000,0x000000942cb00000)]

Other Threads:
  0x0000027d682fec40 VMThread "VM Thread" [stack: 0x000000942be00000,0x000000942bf00000] [id=19628]
  0x0000027d4a2362a0 WatcherThread [stack: 0x000000942c900000,0x000000942ca00000] [id=17384]
  0x0000027d4a21b7f0 GCTaskThread "GC Thread#0" [stack: 0x000000942b900000,0x000000942ba00000] [id=9680]
  0x0000027d6d162030 GCTaskThread "GC Thread#1" [stack: 0x000000942cb00000,0x000000942cc00000] [id=27412]
  0x0000027d6d1622e0 GCTaskThread "GC Thread#2" [stack: 0x000000942cc00000,0x000000942cd00000] [id=13376]
  0x0000027d6d162590 GCTaskThread "GC Thread#3" [stack: 0x000000942cd00000,0x000000942ce00000] [id=30568]
  0x0000027d4a22c5b0 ConcurrentGCThread "G1 Main Marker" [stack: 0x000000942ba00000,0x000000942bb00000] [id=1484]
  0x0000027d4a22e780 ConcurrentGCThread "G1 Conc#0" [stack: 0x000000942bb00000,0x000000942bc00000] [id=23216]
  0x0000027d4a272a30 ConcurrentGCThread "G1 Refine#0" [stack: 0x000000942bc00000,0x000000942bd00000] [id=8616]
  0x0000027d68182620 ConcurrentGCThread "G1 Service" [stack: 0x000000942bd00000,0x000000942be00000] [id=24288]

Threads with active compile tasks:

VM state: not at safepoint (normal execution)

VM Mutex/Monitor currently owned by a thread:  ([mutex/lock_event])
[0x0000027d4a1aa8a0] Metaspace_lock - owner thread: 0x0000027d4a1b2320

Heap address: 0x0000000701800000, size: 4072 MB, Compressed Oops mode: Zero based, Oop shift amount: 3

CDS archive(s) not mapped
Compressed class space mapped at: 0x0000000800000000-0x0000000840000000, reserved size: 1073741824
Narrow klass base: 0x0000000800000000, Narrow klass shift: 0, Narrow klass range: 0x40000000

GC Precious Log:
 CPUs: 4 total, 4 available
 Memory: 16282M
 Large Page Support: Disabled
 NUMA Support: Disabled
 Compressed Oops: Enabled (Zero based)
 Heap Region Size: 2M
 Heap Min Capacity: 8M
 Heap Initial Capacity: 256M
 Heap Max Capacity: 4072M
 Pre-touch: Disabled
 Parallel Workers: 4
 Concurrent Workers: 1
 Concurrent Refinement Workers: 4
 Periodic GC: Disabled

Heap:
 garbage-first heap   total 262144K, used 12728K [0x0000000701800000, 0x0000000800000000)
  region size 2048K, 6 young (12288K), 1 survivors (2048K)
 Metaspace       used 18225K, committed 18368K, reserved 1114112K
  class space    used 1889K, committed 1920K, reserved 1048576K

Heap Regions: E=young(eden), S=young(survivor), O=old, HS=humongous(starts), HC=humongous(continues), CS=collection set, F=free, OA=open archive, CA=closed archive, TAMS=top-at-mark-start (previous, next)
|   0|0x0000000701800000, 0x0000000701a00000, 0x0000000701a00000|100%| O|  |TAMS 0x0000000701800000, 0x0000000701800000| Untracked 
|   1|0x0000000701a00000, 0x0000000701ab4000, 0x0000000701c00000| 35%| O|  |TAMS 0x0000000701a00000, 0x0000000701a00000| Untracked 
|   2|0x0000000701c00000, 0x0000000701c00000, 0x0000000701e00000|  0%| F|  |TAMS 0x0000000701c00000, 0x0000000701c00000| Untracked 
|   3|0x0000000701e00000, 0x0000000701e00000, 0x0000000702000000|  0%| F|  |TAMS 0x0000000701e00000, 0x0000000701e00000| Untracked 
|   4|0x0000000702000000, 0x0000000702000000, 0x0000000702200000|  0%| F|  |TAMS 0x0000000702000000, 0x0000000702000000| Untracked 
|   5|0x0000000702200000, 0x0000000702200000, 0x0000000702400000|  0%| F|  |TAMS 0x0000000702200000, 0x0000000702200000| Untracked 
|   6|0x0000000702400000, 0x0000000702400000, 0x0000000702600000|  0%| F|  |TAMS 0x0000000702400000, 0x0000000702400000| Untracked 
|   7|0x0000000702600000, 0x0000000702600000, 0x0000000702800000|  0%| F|  |TAMS 0x0000000702600000, 0x0000000702600000| Untracked 
|   8|0x0000000702800000, 0x0000000702800000, 0x0000000702a00000|  0%| F|  |TAMS 0x0000000702800000, 0x0000000702800000| Untracked 
|   9|0x0000000702a00000, 0x0000000702a00000, 0x0000000702c00000|  0%| F|  |TAMS 0x0000000702a00000, 0x0000000702a00000| Untracked 
|  10|0x0000000702c00000, 0x0000000702c00000, 0x0000000702e00000|  0%| F|  |TAMS 0x0000000702c00000, 0x0000000702c00000| Untracked 
|  11|0x0000000702e00000, 0x0000000702e00000, 0x0000000703000000|  0%| F|  |TAMS 0x0000000702e00000, 0x0000000702e00000| Untracked 
|  12|0x0000000703000000, 0x0000000703000000, 0x0000000703200000|  0%| F|  |TAMS 0x0000000703000000, 0x0000000703000000| Untracked 
|  13|0x0000000703200000, 0x0000000703200000, 0x0000000703400000|  0%| F|  |TAMS 0x0000000703200000, 0x0000000703200000| Untracked 
|  14|0x0000000703400000, 0x0000000703400000, 0x0000000703600000|  0%| F|  |TAMS 0x0000000703400000, 0x0000000703400000| Untracked 
|  15|0x0000000703600000, 0x0000000703600000, 0x0000000703800000|  0%| F|  |TAMS 0x0000000703600000, 0x0000000703600000| Untracked 
|  16|0x0000000703800000, 0x0000000703800000, 0x0000000703a00000|  0%| F|  |TAMS 0x0000000703800000, 0x0000000703800000| Untracked 
|  17|0x0000000703a00000, 0x0000000703a00000, 0x0000000703c00000|  0%| F|  |TAMS 0x0000000703a00000, 0x0000000703a00000| Untracked 
|  18|0x0000000703c00000, 0x0000000703c00000, 0x0000000703e00000|  0%| F|  |TAMS 0x0000000703c00000, 0x0000000703c00000| Untracked 
|  19|0x0000000703e00000, 0x0000000703e00000, 0x0000000704000000|  0%| F|  |TAMS 0x0000000703e00000, 0x0000000703e00000| Untracked 
|  20|0x0000000704000000, 0x0000000704000000, 0x0000000704200000|  0%| F|  |TAMS 0x0000000704000000, 0x0000000704000000| Untracked 
|  21|0x0000000704200000, 0x0000000704200000, 0x0000000704400000|  0%| F|  |TAMS 0x0000000704200000, 0x0000000704200000| Untracked 
|  22|0x0000000704400000, 0x0000000704400000, 0x0000000704600000|  0%| F|  |TAMS 0x0000000704400000, 0x0000000704400000| Untracked 
|  23|0x0000000704600000, 0x0000000704600000, 0x0000000704800000|  0%| F|  |TAMS 0x0000000704600000, 0x0000000704600000| Untracked 
|  24|0x0000000704800000, 0x0000000704800000, 0x0000000704a00000|  0%| F|  |TAMS 0x0000000704800000, 0x0000000704800000| Untracked 
|  25|0x0000000704a00000, 0x0000000704a00000, 0x0000000704c00000|  0%| F|  |TAMS 0x0000000704a00000, 0x0000000704a00000| Untracked 
|  26|0x0000000704c00000, 0x0000000704c00000, 0x0000000704e00000|  0%| F|  |TAMS 0x0000000704c00000, 0x0000000704c00000| Untracked 
|  27|0x0000000704e00000, 0x0000000704e00000, 0x0000000705000000|  0%| F|  |TAMS 0x0000000704e00000, 0x0000000704e00000| Untracked 
|  28|0x0000000705000000, 0x0000000705000000, 0x0000000705200000|  0%| F|  |TAMS 0x0000000705000000, 0x0000000705000000| Untracked 
|  29|0x0000000705200000, 0x0000000705200000, 0x0000000705400000|  0%| F|  |TAMS 0x0000000705200000, 0x0000000705200000| Untracked 
|  30|0x0000000705400000, 0x0000000705400000, 0x0000000705600000|  0%| F|  |TAMS 0x0000000705400000, 0x0000000705400000| Untracked 
|  31|0x0000000705600000, 0x0000000705600000, 0x0000000705800000|  0%| F|  |TAMS 0x0000000705600000, 0x0000000705600000| Untracked 
|  32|0x0000000705800000, 0x0000000705800000, 0x0000000705a00000|  0%| F|  |TAMS 0x0000000705800000, 0x0000000705800000| Untracked 
|  33|0x0000000705a00000, 0x0000000705a00000, 0x0000000705c00000|  0%| F|  |TAMS 0x0000000705a00000, 0x0000000705a00000| Untracked 
|  34|0x0000000705c00000, 0x0000000705c00000, 0x0000000705e00000|  0%| F|  |TAMS 0x0000000705c00000, 0x0000000705c00000| Untracked 
|  35|0x0000000705e00000, 0x0000000705e00000, 0x0000000706000000|  0%| F|  |TAMS 0x0000000705e00000, 0x0000000705e00000| Untracked 
|  36|0x0000000706000000, 0x0000000706000000, 0x0000000706200000|  0%| F|  |TAMS 0x0000000706000000, 0x0000000706000000| Untracked 
|  37|0x0000000706200000, 0x0000000706200000, 0x0000000706400000|  0%| F|  |TAMS 0x0000000706200000, 0x0000000706200000| Untracked 
|  38|0x0000000706400000, 0x0000000706400000, 0x0000000706600000|  0%| F|  |TAMS 0x0000000706400000, 0x0000000706400000| Untracked 
|  39|0x0000000706600000, 0x0000000706600000, 0x0000000706800000|  0%| F|  |TAMS 0x0000000706600000, 0x0000000706600000| Untracked 
|  40|0x0000000706800000, 0x0000000706800000, 0x0000000706a00000|  0%| F|  |TAMS 0x0000000706800000, 0x0000000706800000| Untracked 
|  41|0x0000000706a00000, 0x0000000706a00000, 0x0000000706c00000|  0%| F|  |TAMS 0x0000000706a00000, 0x0000000706a00000| Untracked 
|  42|0x0000000706c00000, 0x0000000706c00000, 0x0000000706e00000|  0%| F|  |TAMS 0x0000000706c00000, 0x0000000706c00000| Untracked 
|  43|0x0000000706e00000, 0x0000000706e00000, 0x0000000707000000|  0%| F|  |TAMS 0x0000000706e00000, 0x0000000706e00000| Untracked 
|  44|0x0000000707000000, 0x0000000707000000, 0x0000000707200000|  0%| F|  |TAMS 0x0000000707000000, 0x0000000707000000| Untracked 
|  45|0x0000000707200000, 0x0000000707200000, 0x0000000707400000|  0%| F|  |TAMS 0x0000000707200000, 0x0000000707200000| Untracked 
|  46|0x0000000707400000, 0x0000000707400000, 0x0000000707600000|  0%| F|  |TAMS 0x0000000707400000, 0x0000000707400000| Untracked 
|  47|0x0000000707600000, 0x0000000707600000, 0x0000000707800000|  0%| F|  |TAMS 0x0000000707600000, 0x0000000707600000| Untracked 
|  48|0x0000000707800000, 0x0000000707800000, 0x0000000707a00000|  0%| F|  |TAMS 0x0000000707800000, 0x0000000707800000| Untracked 
|  49|0x0000000707a00000, 0x0000000707a00000, 0x0000000707c00000|  0%| F|  |TAMS 0x0000000707a00000, 0x0000000707a00000| Untracked 
|  50|0x0000000707c00000, 0x0000000707c00000, 0x0000000707e00000|  0%| F|  |TAMS 0x0000000707c00000, 0x0000000707c00000| Untracked 
|  51|0x0000000707e00000, 0x0000000707e00000, 0x0000000708000000|  0%| F|  |TAMS 0x0000000707e00000, 0x0000000707e00000| Untracked 
|  52|0x0000000708000000, 0x0000000708000000, 0x0000000708200000|  0%| F|  |TAMS 0x0000000708000000, 0x0000000708000000| Untracked 
|  53|0x0000000708200000, 0x0000000708200000, 0x0000000708400000|  0%| F|  |TAMS 0x0000000708200000, 0x0000000708200000| Untracked 
|  54|0x0000000708400000, 0x0000000708400000, 0x0000000708600000|  0%| F|  |TAMS 0x0000000708400000, 0x0000000708400000| Untracked 
|  55|0x0000000708600000, 0x0000000708600000, 0x0000000708800000|  0%| F|  |TAMS 0x0000000708600000, 0x0000000708600000| Untracked 
|  56|0x0000000708800000, 0x0000000708800000, 0x0000000708a00000|  0%| F|  |TAMS 0x0000000708800000, 0x0000000708800000| Untracked 
|  57|0x0000000708a00000, 0x0000000708a00000, 0x0000000708c00000|  0%| F|  |TAMS 0x0000000708a00000, 0x0000000708a00000| Untracked 
|  58|0x0000000708c00000, 0x0000000708c00000, 0x0000000708e00000|  0%| F|  |TAMS 0x0000000708c00000, 0x0000000708c00000| Untracked 
|  59|0x0000000708e00000, 0x0000000708e00000, 0x0000000709000000|  0%| F|  |TAMS 0x0000000708e00000, 0x0000000708e00000| Untracked 
|  60|0x0000000709000000, 0x0000000709000000, 0x0000000709200000|  0%| F|  |TAMS 0x0000000709000000, 0x0000000709000000| Untracked 
|  61|0x0000000709200000, 0x0000000709200000, 0x0000000709400000|  0%| F|  |TAMS 0x0000000709200000, 0x0000000709200000| Untracked 
|  62|0x0000000709400000, 0x0000000709400000, 0x0000000709600000|  0%| F|  |TAMS 0x0000000709400000, 0x0000000709400000| Untracked 
|  63|0x0000000709600000, 0x0000000709600000, 0x0000000709800000|  0%| F|  |TAMS 0x0000000709600000, 0x0000000709600000| Untracked 
|  64|0x0000000709800000, 0x0000000709800000, 0x0000000709a00000|  0%| F|  |TAMS 0x0000000709800000, 0x0000000709800000| Untracked 
|  65|0x0000000709a00000, 0x0000000709a00000, 0x0000000709c00000|  0%| F|  |TAMS 0x0000000709a00000, 0x0000000709a00000| Untracked 
|  66|0x0000000709c00000, 0x0000000709c00000, 0x0000000709e00000|  0%| F|  |TAMS 0x0000000709c00000, 0x0000000709c00000| Untracked 
|  67|0x0000000709e00000, 0x0000000709e00000, 0x000000070a000000|  0%| F|  |TAMS 0x0000000709e00000, 0x0000000709e00000| Untracked 
|  68|0x000000070a000000, 0x000000070a000000, 0x000000070a200000|  0%| F|  |TAMS 0x000000070a000000, 0x000000070a000000| Untracked 
|  69|0x000000070a200000, 0x000000070a200000, 0x000000070a400000|  0%| F|  |TAMS 0x000000070a200000, 0x000000070a200000| Untracked 
|  70|0x000000070a400000, 0x000000070a400000, 0x000000070a600000|  0%| F|  |TAMS 0x000000070a400000, 0x000000070a400000| Untracked 
|  71|0x000000070a600000, 0x000000070a600000, 0x000000070a800000|  0%| F|  |TAMS 0x000000070a600000, 0x000000070a600000| Untracked 
|  72|0x000000070a800000, 0x000000070a800000, 0x000000070aa00000|  0%| F|  |TAMS 0x000000070a800000, 0x000000070a800000| Untracked 
|  73|0x000000070aa00000, 0x000000070aa00000, 0x000000070ac00000|  0%| F|  |TAMS 0x000000070aa00000, 0x000000070aa00000| Untracked 
|  74|0x000000070ac00000, 0x000000070ac00000, 0x000000070ae00000|  0%| F|  |TAMS 0x000000070ac00000, 0x000000070ac00000| Untracked 
|  75|0x000000070ae00000, 0x000000070ae00000, 0x000000070b000000|  0%| F|  |TAMS 0x000000070ae00000, 0x000000070ae00000| Untracked 
|  76|0x000000070b000000, 0x000000070b000000, 0x000000070b200000|  0%| F|  |TAMS 0x000000070b000000, 0x000000070b000000| Untracked 
|  77|0x000000070b200000, 0x000000070b200000, 0x000000070b400000|  0%| F|  |TAMS 0x000000070b200000, 0x000000070b200000| Untracked 
|  78|0x000000070b400000, 0x000000070b400000, 0x000000070b600000|  0%| F|  |TAMS 0x000000070b400000, 0x000000070b400000| Untracked 
|  79|0x000000070b600000, 0x000000070b600000, 0x000000070b800000|  0%| F|  |TAMS 0x000000070b600000, 0x000000070b600000| Untracked 
|  80|0x000000070b800000, 0x000000070b800000, 0x000000070ba00000|  0%| F|  |TAMS 0x000000070b800000, 0x000000070b800000| Untracked 
|  81|0x000000070ba00000, 0x000000070ba00000, 0x000000070bc00000|  0%| F|  |TAMS 0x000000070ba00000, 0x000000070ba00000| Untracked 
|  82|0x000000070bc00000, 0x000000070bc00000, 0x000000070be00000|  0%| F|  |TAMS 0x000000070bc00000, 0x000000070bc00000| Untracked 
|  83|0x000000070be00000, 0x000000070be00000, 0x000000070c000000|  0%| F|  |TAMS 0x000000070be00000, 0x000000070be00000| Untracked 
|  84|0x000000070c000000, 0x000000070c000000, 0x000000070c200000|  0%| F|  |TAMS 0x000000070c000000, 0x000000070c000000| Untracked 
|  85|0x000000070c200000, 0x000000070c200000, 0x000000070c400000|  0%| F|  |TAMS 0x000000070c200000, 0x000000070c200000| Untracked 
|  86|0x000000070c400000, 0x000000070c400000, 0x000000070c600000|  0%| F|  |TAMS 0x000000070c400000, 0x000000070c400000| Untracked 
|  87|0x000000070c600000, 0x000000070c600000, 0x000000070c800000|  0%| F|  |TAMS 0x000000070c600000, 0x000000070c600000| Untracked 
|  88|0x000000070c800000, 0x000000070c800000, 0x000000070ca00000|  0%| F|  |TAMS 0x000000070c800000, 0x000000070c800000| Untracked 
|  89|0x000000070ca00000, 0x000000070ca00000, 0x000000070cc00000|  0%| F|  |TAMS 0x000000070ca00000, 0x000000070ca00000| Untracked 
|  90|0x000000070cc00000, 0x000000070cc00000, 0x000000070ce00000|  0%| F|  |TAMS 0x000000070cc00000, 0x000000070cc00000| Untracked 
|  91|0x000000070ce00000, 0x000000070ce00000, 0x000000070d000000|  0%| F|  |TAMS 0x000000070ce00000, 0x000000070ce00000| Untracked 
|  92|0x000000070d000000, 0x000000070d000000, 0x000000070d200000|  0%| F|  |TAMS 0x000000070d000000, 0x000000070d000000| Untracked 
|  93|0x000000070d200000, 0x000000070d200000, 0x000000070d400000|  0%| F|  |TAMS 0x000000070d200000, 0x000000070d200000| Untracked 
|  94|0x000000070d400000, 0x000000070d400000, 0x000000070d600000|  0%| F|  |TAMS 0x000000070d400000, 0x000000070d400000| Untracked 
|  95|0x000000070d600000, 0x000000070d600000, 0x000000070d800000|  0%| F|  |TAMS 0x000000070d600000, 0x000000070d600000| Untracked 
|  96|0x000000070d800000, 0x000000070d800000, 0x000000070da00000|  0%| F|  |TAMS 0x000000070d800000, 0x000000070d800000| Untracked 
|  97|0x000000070da00000, 0x000000070da00000, 0x000000070dc00000|  0%| F|  |TAMS 0x000000070da00000, 0x000000070da00000| Untracked 
|  98|0x000000070dc00000, 0x000000070dc00000, 0x000000070de00000|  0%| F|  |TAMS 0x000000070dc00000, 0x000000070dc00000| Untracked 
|  99|0x000000070de00000, 0x000000070de00000, 0x000000070e000000|  0%| F|  |TAMS 0x000000070de00000, 0x000000070de00000| Untracked 
| 100|0x000000070e000000, 0x000000070e000000, 0x000000070e200000|  0%| F|  |TAMS 0x000000070e000000, 0x000000070e000000| Untracked 
| 101|0x000000070e200000, 0x000000070e200000, 0x000000070e400000|  0%| F|  |TAMS 0x000000070e200000, 0x000000070e200000| Untracked 
| 102|0x000000070e400000, 0x000000070e400000, 0x000000070e600000|  0%| F|  |TAMS 0x000000070e400000, 0x000000070e400000| Untracked 
| 103|0x000000070e600000, 0x000000070e600000, 0x000000070e800000|  0%| F|  |TAMS 0x000000070e600000, 0x000000070e600000| Untracked 
| 104|0x000000070e800000, 0x000000070e800000, 0x000000070ea00000|  0%| F|  |TAMS 0x000000070e800000, 0x000000070e800000| Untracked 
| 105|0x000000070ea00000, 0x000000070ea00000, 0x000000070ec00000|  0%| F|  |TAMS 0x000000070ea00000, 0x000000070ea00000| Untracked 
| 106|0x000000070ec00000, 0x000000070ec00000, 0x000000070ee00000|  0%| F|  |TAMS 0x000000070ec00000, 0x000000070ec00000| Untracked 
| 107|0x000000070ee00000, 0x000000070ee00000, 0x000000070f000000|  0%| F|  |TAMS 0x000000070ee00000, 0x000000070ee00000| Untracked 
| 108|0x000000070f000000, 0x000000070f000000, 0x000000070f200000|  0%| F|  |TAMS 0x000000070f000000, 0x000000070f000000| Untracked 
| 109|0x000000070f200000, 0x000000070f200000, 0x000000070f400000|  0%| F|  |TAMS 0x000000070f200000, 0x000000070f200000| Untracked 
| 110|0x000000070f400000, 0x000000070f400000, 0x000000070f600000|  0%| F|  |TAMS 0x000000070f400000, 0x000000070f400000| Untracked 
| 111|0x000000070f600000, 0x000000070f600000, 0x000000070f800000|  0%| F|  |TAMS 0x000000070f600000, 0x000000070f600000| Untracked 
| 112|0x000000070f800000, 0x000000070f800000, 0x000000070fa00000|  0%| F|  |TAMS 0x000000070f800000, 0x000000070f800000| Untracked 
| 113|0x000000070fa00000, 0x000000070fa00000, 0x000000070fc00000|  0%| F|  |TAMS 0x000000070fa00000, 0x000000070fa00000| Untracked 
| 114|0x000000070fc00000, 0x000000070fc00000, 0x000000070fe00000|  0%| F|  |TAMS 0x000000070fc00000, 0x000000070fc00000| Untracked 
| 115|0x000000070fe00000, 0x000000070fe00000, 0x0000000710000000|  0%| F|  |TAMS 0x000000070fe00000, 0x000000070fe00000| Untracked 
| 116|0x0000000710000000, 0x0000000710000000, 0x0000000710200000|  0%| F|  |TAMS 0x0000000710000000, 0x0000000710000000| Untracked 
| 117|0x0000000710200000, 0x0000000710200000, 0x0000000710400000|  0%| F|  |TAMS 0x0000000710200000, 0x0000000710200000| Untracked 
| 118|0x0000000710400000, 0x0000000710400000, 0x0000000710600000|  0%| F|  |TAMS 0x0000000710400000, 0x0000000710400000| Untracked 
| 119|0x0000000710600000, 0x0000000710600000, 0x0000000710800000|  0%| F|  |TAMS 0x0000000710600000, 0x0000000710600000| Untracked 
| 120|0x0000000710800000, 0x00000007109ba0d0, 0x0000000710a00000| 86%| S|CS|TAMS 0x0000000710800000, 0x0000000710800000| Complete 
| 121|0x0000000710a00000, 0x0000000710a00000, 0x0000000710c00000|  0%| F|  |TAMS 0x0000000710a00000, 0x0000000710a00000| Untracked 
| 122|0x0000000710c00000, 0x0000000710c00000, 0x0000000710e00000|  0%| F|  |TAMS 0x0000000710c00000, 0x0000000710c00000| Untracked 
| 123|0x0000000710e00000, 0x0000000710ec7488, 0x0000000711000000| 38%| E|  |TAMS 0x0000000710e00000, 0x0000000710e00000| Complete 
| 124|0x0000000711000000, 0x0000000711200000, 0x0000000711200000|100%| E|CS|TAMS 0x0000000711000000, 0x0000000711000000| Complete 
| 125|0x0000000711200000, 0x0000000711400000, 0x0000000711400000|100%| E|CS|TAMS 0x0000000711200000, 0x0000000711200000| Complete 
| 126|0x0000000711400000, 0x0000000711600000, 0x0000000711600000|100%| E|CS|TAMS 0x0000000711400000, 0x0000000711400000| Complete 
| 127|0x0000000711600000, 0x0000000711800000, 0x0000000711800000|100%| E|CS|TAMS 0x0000000711600000, 0x0000000711600000| Complete 

Card table byte_map: [0x0000027d5ce90000,0x0000027d5d690000] _byte_map_base: 0x0000027d59684000

Marking Bits (Prev, Next): (CMBitMap*) 0x0000027d4a21be00, (CMBitMap*) 0x0000027d4a21be40
 Prev Bits: [0x0000027d5de90000, 0x0000027d61e30000)
 Next Bits: [0x0000027d61e30000, 0x0000027d65dd0000)

Polling page: 0x0000027d480e0000

Metaspace:

Usage:
  Non-class:     15.95 MB used.
      Class:      1.85 MB used.
       Both:     17.80 MB used.

Virtual space:
  Non-class space:       64.00 MB reserved,      16.06 MB ( 25%) committed,  1 nodes.
      Class space:        1.00 GB reserved,       1.88 MB ( <1%) committed,  1 nodes.
             Both:        1.06 GB reserved,      17.94 MB (  2%) committed. 

Chunk freelists:
   Non-Class:  15.23 MB
       Class:  14.12 MB
        Both:  29.36 MB

MaxMetaspaceSize: unlimited
CompressedClassSpaceSize: 1.00 GB
Initial GC threshold: 21.00 MB
Current GC threshold: 21.00 MB
CDS: off
MetaspaceReclaimPolicy: balanced
 - commit_granule_bytes: 65536.
 - commit_granule_words: 8192.
 - virtual_space_node_default_size: 8388608.
 - enlarge_chunks_in_place: 1.
 - new_chunks_are_fully_committed: 0.
 - uncommit_free_chunks: 1.
 - use_allocation_guard: 0.
 - handle_deallocations: 1.


Internal statistics:

num_allocs_failed_limit: 0.
num_arena_births: 38.
num_arena_deaths: 0.
num_vsnodes_births: 2.
num_vsnodes_deaths: 0.
num_space_committed: 287.
num_space_uncommitted: 0.
num_chunks_returned_to_freelist: 0.
num_chunks_taken_from_freelist: 362.
num_chunk_merges: 0.
num_chunk_splits: 280.
num_chunks_enlarged: 236.
num_inconsistent_stats: 0.

CodeHeap 'non-profiled nmethods': size=120000Kb used=279Kb max_used=279Kb free=119720Kb
 bounds [0x0000027d55160000, 0x0000027d553d0000, 0x0000027d5c690000]
CodeHeap 'profiled nmethods': size=120000Kb used=1805Kb max_used=1805Kb free=118194Kb
 bounds [0x0000027d4d690000, 0x0000027d4d900000, 0x0000027d54bc0000]
CodeHeap 'non-nmethods': size=5760Kb used=1167Kb max_used=1193Kb free=4592Kb
 bounds [0x0000027d54bc0000, 0x0000027d54e30000, 0x0000027d55160000]
 total_blobs=1392 nmethods=929 adapters=376
 compilation: enabled
              stopped_count=0, restarted_count=0
 full_count=0

Compilation events (20 events):
Event: 1.770 Thread 0x0000027d68494ef0 nmethod 917 0x0000027d4d845e90 code [0x0000027d4d846140, 0x0000027d4d847008]
Event: 1.770 Thread 0x0000027d68494ef0  918   !   3       java.net.URLClassLoader::defineClass (224 bytes)
Event: 1.773 Thread 0x0000027d68494ef0 nmethod 918 0x0000027d4d847510 code [0x0000027d4d8479c0, 0x0000027d4d849b88]
Event: 1.773 Thread 0x0000027d68494ef0  919       3       java.util.jar.Manifest$FastInputStream::readLine (9 bytes)
Event: 1.773 Thread 0x0000027d68494ef0 nmethod 919 0x0000027d4d84aa10 code [0x0000027d4d84abc0, 0x0000027d4d84ad28]
Event: 1.774 Thread 0x0000027d68494ef0  920       3       java.util.jar.Manifest$FastInputStream::peek (38 bytes)
Event: 1.775 Thread 0x0000027d68494ef0 nmethod 920 0x0000027d4d84ae10 code [0x0000027d4d84afc0, 0x0000027d4d84b1e8]
Event: 1.781 Thread 0x0000027d68494ef0  921       3       java.util.jar.Attributes$Name::hash (148 bytes)
Event: 1.782 Thread 0x0000027d68494ef0 nmethod 921 0x0000027d4d84b310 code [0x0000027d4d84b5a0, 0x0000027d4d84c2c8]
Event: 1.782 Thread 0x0000027d68494ef0  922       3       java.util.LinkedHashMap::afterNodeInsertion (40 bytes)
Event: 1.782 Thread 0x0000027d68494ef0 nmethod 922 0x0000027d4d84c790 code [0x0000027d4d84c940, 0x0000027d4d84cb38]
Event: 1.782 Thread 0x0000027d68494ef0  923       1       java.lang.ClassLoader::getUnnamedModule (5 bytes)
Event: 1.782 Thread 0x0000027d68494ef0 nmethod 923 0x0000027d551a3290 code [0x0000027d551a3420, 0x0000027d551a34f8]
Event: 1.789 Thread 0x0000027d68494ef0  925  s    3       java.util.jar.JarFile::getInputStream (72 bytes)
Event: 1.790 Thread 0x0000027d68494ef0 nmethod 925 0x0000027d4d84cc10 code [0x0000027d4d84ce40, 0x0000027d4d84d3b8]
Event: 1.791 Thread 0x0000027d68494ef0  926   !   3       jdk.internal.loader.URLClassPath$JarLoader::getResource (354 bytes)
Event: 1.794 Thread 0x0000027d68494ef0 nmethod 926 0x0000027d4d84d590 code [0x0000027d4d84da20, 0x0000027d4d84fb18]
Event: 1.794 Thread 0x0000027d68494ef0  927       3       jdk.internal.util.jar.JarIndex::get (49 bytes)
Event: 1.795 Thread 0x0000027d68494ef0 nmethod 927 0x0000027d4d850d90 code [0x0000027d4d850fc0, 0x0000027d4d8518c8]
Event: 1.795 Thread 0x0000027d68494ef0  929   !   3       java.util.logging.LogManager::ensureLogManagerInitialized (144 bytes)

GC Heap History (4 events):
Event: 0.813 GC heap before
{Heap before GC invocations=0 (full 0):
 garbage-first heap   total 262144K, used 12288K [0x0000000701800000, 0x0000000800000000)
  region size 2048K, 6 young (12288K), 0 survivors (0K)
 Metaspace       used 10938K, committed 11136K, reserved 1114112K
  class space    used 1001K, committed 1088K, reserved 1048576K
}
Event: 0.817 GC heap after
{Heap after GC invocations=1 (full 0):
 garbage-first heap   total 262144K, used 2514K [0x0000000701800000, 0x0000000800000000)
  region size 2048K, 1 young (2048K), 1 survivors (2048K)
 Metaspace       used 10938K, committed 11136K, reserved 1114112K
  class space    used 1001K, committed 1088K, reserved 1048576K
}
Event: 1.491 GC heap before
{Heap before GC invocations=1 (full 0):
 garbage-first heap   total 262144K, used 12754K [0x0000000701800000, 0x0000000800000000)
  region size 2048K, 7 young (14336K), 1 survivors (2048K)
 Metaspace       used 16433K, committed 16640K, reserved 1114112K
  class space    used 1753K, committed 1856K, reserved 1048576K
}
Event: 1.494 GC heap after
{Heap after GC invocations=2 (full 0):
 garbage-first heap   total 262144K, used 4536K [0x0000000701800000, 0x0000000800000000)
  region size 2048K, 1 young (2048K), 1 survivors (2048K)
 Metaspace       used 16433K, committed 16640K, reserved 1114112K
  class space    used 1753K, committed 1856K, reserved 1048576K
}

Dll operation events (1 events):
Event: 0.012 Loaded shared library D:\Android Studio\jbr\bin\java.dll

Deoptimization events (18 events):
Event: 0.544 Thread 0x0000027d4a1b2320 DEOPT PACKING pc=0x0000027d4d6a69e7 sp=0x000000942b8f7300
Event: 0.544 Thread 0x0000027d4a1b2320 DEOPT UNPACKING pc=0x0000027d54c17143 sp=0x000000942b8f6720 mode 0
Event: 0.567 Thread 0x0000027d4a1b2320 DEOPT PACKING pc=0x0000027d4d6a5d51 sp=0x000000942b8fa0a0
Event: 0.567 Thread 0x0000027d4a1b2320 DEOPT UNPACKING pc=0x0000027d54c17143 sp=0x000000942b8f9518 mode 0
Event: 0.869 Thread 0x0000027d4a1b2320 DEOPT PACKING pc=0x0000027d4d6dad56 sp=0x000000942b8ec350
Event: 0.869 Thread 0x0000027d4a1b2320 DEOPT UNPACKING pc=0x0000027d54c17143 sp=0x000000942b8eb7d8 mode 0
Event: 1.328 Thread 0x0000027d4a1b2320 Uncommon trap: trap_request=0xffffffc6 fr.pc=0x0000027d551867ec relative=0x000000000000060c
Event: 1.328 Thread 0x0000027d4a1b2320 Uncommon trap: reason=bimorphic_or_optimized_type_check action=maybe_recompile pc=0x0000027d551867ec method=java.util.concurrent.ConcurrentHashMap.get(Ljava/lang/Object;)Ljava/lang/Object; @ 149 c2
Event: 1.328 Thread 0x0000027d4a1b2320 DEOPT PACKING pc=0x0000027d551867ec sp=0x000000942b8fc220
Event: 1.328 Thread 0x0000027d4a1b2320 DEOPT UNPACKING pc=0x0000027d54c169a3 sp=0x000000942b8fc1c0 mode 2
Event: 1.329 Thread 0x0000027d4a1b2320 Uncommon trap: trap_request=0xffffff45 fr.pc=0x0000027d5518715c relative=0x00000000000002bc
Event: 1.329 Thread 0x0000027d4a1b2320 Uncommon trap: reason=unstable_if action=reinterpret pc=0x0000027d5518715c method=java.lang.String.startsWith(Ljava/lang/String;I)Z @ 14 c2
Event: 1.329 Thread 0x0000027d4a1b2320 DEOPT PACKING pc=0x0000027d5518715c sp=0x000000942b8fc3b0
Event: 1.329 Thread 0x0000027d4a1b2320 DEOPT UNPACKING pc=0x0000027d54c169a3 sp=0x000000942b8fc310 mode 2
Event: 1.562 Thread 0x0000027d4a1b2320 Uncommon trap: trap_request=0xffffff45 fr.pc=0x0000027d551849e0 relative=0x00000000000003c0
Event: 1.562 Thread 0x0000027d4a1b2320 Uncommon trap: reason=unstable_if action=reinterpret pc=0x0000027d551849e0 method=java.lang.StringLatin1.indexOf([BI[BII)I @ 91 c2
Event: 1.562 Thread 0x0000027d4a1b2320 DEOPT PACKING pc=0x0000027d551849e0 sp=0x000000942b8fd430
Event: 1.562 Thread 0x0000027d4a1b2320 DEOPT UNPACKING pc=0x0000027d54c169a3 sp=0x000000942b8fd3b8 mode 2

Classes unloaded (0 events):
No events

Classes redefined (0 events):
No events

Internal exceptions (11 events):
Event: 0.888 Thread 0x0000027d4a1b2320 Exception <a 'java/lang/NoClassDefFoundError'{0x000000071173b8a8}: org/slf4j/LoggerFactory> (0x000000071173b8a8) 
thrown [s\src\hotspot\share\classfile\systemDictionary.cpp, line 245]
Event: 0.890 Thread 0x0000027d4a1b2320 Exception <a 'java/lang/NoClassDefFoundError'{0x000000071173b8a8}> (0x000000071173b8a8) 
thrown [s\src\hotspot\share\oops\instanceKlass.cpp, line 1233]
Event: 0.891 Thread 0x0000027d4a1b2320 Exception <a 'java/lang/NoClassDefFoundError'{0x0000000711745998}: org/apache/logging/log4j/spi/ExtendedLoggerWrapper> (0x0000000711745998) 
thrown [s\src\hotspot\share\classfile\systemDictionary.cpp, line 245]
Event: 0.919 Thread 0x0000027d4a1b2320 Exception <a 'java/lang/NoSuchMethodError'{0x00000007117a6b40}: 'java.lang.Object java.lang.invoke.DirectMethodHandle$Holder.invokeStaticInit(java.lang.Object)'> (0x00000007117a6b40) 
thrown [s\src\hotspot\share\interpreter\linkResolver.cpp, line 771]
Event: 0.954 Thread 0x0000027d4a1b2320 Exception <a 'java/lang/NoSuchMethodError'{0x00000007117c95a8}: 'int java.lang.invoke.DirectMethodHandle$Holder.invokeSpecial(java.lang.Object, java.lang.Object, java.lang.Object)'> (0x00000007117c95a8) 
thrown [s\src\hotspot\share\interpreter\linkResolver.cpp, line 771]
Event: 1.238 Thread 0x0000027d4a1b2320 Exception <a 'java/lang/NoSuchMethodError'{0x00000007111c3248}: 'java.lang.Object java.lang.invoke.DirectMethodHandle$Holder.invokeStaticInit(java.lang.Object, int, int, int, int)'> (0x00000007111c3248) 
thrown [s\src\hotspot\share\interpreter\linkResolver.cpp, line 771]
Event: 1.404 Thread 0x0000027d4a1b2320 Exception <a 'java/lang/NoSuchMethodError'{0x0000000710f859e0}: 'java.lang.Object java.lang.invoke.DirectMethodHandle$Holder.invokeStaticInit(java.lang.Object, java.lang.Object, int, int, int, int)'> (0x0000000710f859e0) 
thrown [s\src\hotspot\share\interpreter\linkResolver.cpp, line 771]
Event: 1.787 Thread 0x0000027d4a1b2320 Exception <a 'java/lang/NoClassDefFoundError'{0x0000000710e42728}: org/slf4j/LoggerFactory> (0x0000000710e42728) 
thrown [s\src\hotspot\share\classfile\systemDictionary.cpp, line 245]
Event: 1.787 Thread 0x0000027d4a1b2320 Exception <a 'java/lang/NoClassDefFoundError'{0x0000000710e42728}> (0x0000000710e42728) 
thrown [s\src\hotspot\share\oops\instanceKlass.cpp, line 1233]
Event: 1.789 Thread 0x0000027d4a1b2320 Exception <a 'java/lang/NoClassDefFoundError'{0x0000000710e4dd70}: org/apache/logging/log4j/spi/ExtendedLoggerWrapper> (0x0000000710e4dd70) 
thrown [s\src\hotspot\share\classfile\systemDictionary.cpp, line 245]
Event: 1.791 Thread 0x0000027d4a1b2320 Exception <a 'java/lang/NoClassDefFoundError'{0x0000000710e58720}: org/apache/log4j/Priority> (0x0000000710e58720) 
thrown [s\src\hotspot\share\classfile\systemDictionary.cpp, line 245]

VM Operations (14 events):
Event: 0.225 Executing VM operation: HandshakeAllThreads
Event: 0.225 Executing VM operation: HandshakeAllThreads done
Event: 0.812 Executing VM operation: G1CollectForAllocation
Event: 0.818 Executing VM operation: G1CollectForAllocation done
Event: 1.018 Executing VM operation: HandshakeAllThreads
Event: 1.018 Executing VM operation: HandshakeAllThreads done
Event: 1.040 Executing VM operation: HandshakeAllThreads
Event: 1.040 Executing VM operation: HandshakeAllThreads done
Event: 1.214 Executing VM operation: HandshakeAllThreads
Event: 1.214 Executing VM operation: HandshakeAllThreads done
Event: 1.491 Executing VM operation: G1CollectForAllocation
Event: 1.495 Executing VM operation: G1CollectForAllocation done
Event: 1.563 Executing VM operation: HandshakeAllThreads
Event: 1.563 Executing VM operation: HandshakeAllThreads done

Events (20 events):
Event: 1.570 loading class java/util/TreeSet
Event: 1.571 loading class java/util/TreeSet done
Event: 1.571 loading class java/util/TreeMap$KeySet
Event: 1.571 loading class java/util/TreeMap$KeySet done
Event: 1.571 loading class java/util/TreeMap$KeyIterator
Event: 1.571 loading class java/util/TreeMap$PrivateEntryIterator
Event: 1.571 loading class java/util/TreeMap$PrivateEntryIterator done
Event: 1.571 loading class java/util/TreeMap$KeyIterator done
Event: 1.643 loading class java/util/Collections$SynchronizedRandomAccessList
Event: 1.643 loading class java/util/Collections$SynchronizedList
Event: 1.644 loading class java/util/Collections$SynchronizedList done
Event: 1.644 loading class java/util/Collections$SynchronizedRandomAccessList done
Event: 1.662 loading class java/util/regex/Pattern$Caret
Event: 1.662 loading class java/util/regex/Pattern$Caret done
Event: 1.662 loading class java/util/regex/Pattern$Curly
Event: 1.662 loading class java/util/regex/Pattern$Curly done
Event: 1.778 loading class java/security/KeyStore
Event: 1.779 loading class java/security/KeyStore done
Event: 1.779 loading class java/security/KeyStore$1
Event: 1.779 loading class java/security/KeyStore$1 done


Dynamic libraries:
0x00007ff7b0b10000 - 0x00007ff7b0b1a000 	D:\Android Studio\jbr\bin\java.exe
0x00007ffc35490000 - 0x00007ffc35688000 	C:\WINDOWS\SYSTEM32\ntdll.dll
0x00007ffc334c0000 - 0x00007ffc3357d000 	C:\WINDOWS\System32\KERNEL32.DLL
0x00007ffc32d20000 - 0x00007ffc33016000 	C:\WINDOWS\System32\KERNELBASE.dll
0x00007ffc331e0000 - 0x00007ffc332e0000 	C:\WINDOWS\System32\ucrtbase.dll
0x00007ffc2c400000 - 0x00007ffc2c417000 	D:\Android Studio\jbr\bin\jli.dll
0x00007ffc33580000 - 0x00007ffc3371f000 	C:\WINDOWS\System32\USER32.dll
0x00007ffc33490000 - 0x00007ffc334b2000 	C:\WINDOWS\System32\win32u.dll
0x00007ffc350d0000 - 0x00007ffc350fb000 	C:\WINDOWS\System32\GDI32.dll
0x00007ffc32b40000 - 0x00007ffc32c57000 	C:\WINDOWS\System32\gdi32full.dll
0x00007ffc33140000 - 0x00007ffc331dd000 	C:\WINDOWS\System32\msvcp_win.dll
0x00007ffc12b10000 - 0x00007ffc12b2b000 	D:\Android Studio\jbr\bin\VCRUNTIME140.dll
0x00007ffc1f100000 - 0x00007ffc1f39a000 	C:\WINDOWS\WinSxS\amd64_microsoft.windows.common-controls_6595b64144ccf1df_6.0.19041.3636_none_60b6a03d71f818d5\COMCTL32.dll
0x00007ffc33720000 - 0x00007ffc337be000 	C:\WINDOWS\System32\msvcrt.dll
0x00007ffc35090000 - 0x00007ffc350c2000 	C:\WINDOWS\System32\IMM32.DLL
0x00007ffc1dd90000 - 0x00007ffc1dd9c000 	D:\Android Studio\jbr\bin\vcruntime140_1.dll
0x00007ffbf08e0000 - 0x00007ffbf096d000 	D:\Android Studio\jbr\bin\msvcp140.dll
0x00007ffbefc60000 - 0x00007ffbf08e0000 	D:\Android Studio\jbr\bin\server\jvm.dll
0x00007ffc34e20000 - 0x00007ffc34ed0000 	C:\WINDOWS\System32\ADVAPI32.dll
0x00007ffc337c0000 - 0x00007ffc33860000 	C:\WINDOWS\System32\sechost.dll
0x00007ffc339a0000 - 0x00007ffc33ac3000 	C:\WINDOWS\System32\RPCRT4.dll
0x00007ffc32cf0000 - 0x00007ffc32d17000 	C:\WINDOWS\System32\bcrypt.dll
0x00007ffc10990000 - 0x00007ffc10999000 	C:\WINDOWS\SYSTEM32\WSOCK32.dll
0x00007ffc35160000 - 0x00007ffc351cb000 	C:\WINDOWS\System32\WS2_32.dll
0x00007ffc1c370000 - 0x00007ffc1c397000 	C:\WINDOWS\SYSTEM32\WINMM.dll
0x00007ffc2ace0000 - 0x00007ffc2acea000 	C:\WINDOWS\SYSTEM32\VERSION.dll
0x00007ffc31360000 - 0x00007ffc31372000 	C:\WINDOWS\SYSTEM32\kernel.appcore.dll
0x00007ffc2e450000 - 0x00007ffc2e45a000 	D:\Android Studio\jbr\bin\jimage.dll
0x00007ffc30830000 - 0x00007ffc30a14000 	C:\WINDOWS\SYSTEM32\DBGHELP.DLL
0x00007ffc18f40000 - 0x00007ffc18f74000 	C:\WINDOWS\SYSTEM32\dbgcore.DLL
0x00007ffc32c60000 - 0x00007ffc32ce2000 	C:\WINDOWS\System32\bcryptPrimitives.dll
0x00007ffc2d180000 - 0x00007ffc2d1a5000 	D:\Android Studio\jbr\bin\java.dll
0x00007ffc2d410000 - 0x00007ffc2d428000 	D:\Android Studio\jbr\bin\zip.dll
0x00007ffc344e0000 - 0x00007ffc34c4b000 	C:\WINDOWS\System32\SHELL32.dll
0x00007ffc30b80000 - 0x00007ffc3131e000 	C:\WINDOWS\SYSTEM32\windows.storage.dll
0x00007ffc34170000 - 0x00007ffc344c3000 	C:\WINDOWS\System32\combase.dll
0x00007ffc32570000 - 0x00007ffc3259e000 	C:\WINDOWS\SYSTEM32\Wldp.dll
0x00007ffc35290000 - 0x00007ffc3535d000 	C:\WINDOWS\System32\OLEAUT32.dll
0x00007ffc34f50000 - 0x00007ffc34ffd000 	C:\WINDOWS\System32\SHCORE.dll
0x00007ffc35230000 - 0x00007ffc35285000 	C:\WINDOWS\System32\shlwapi.dll
0x00007ffc32a70000 - 0x00007ffc32a93000 	C:\WINDOWS\SYSTEM32\profapi.dll
0x00007ffc2c680000 - 0x00007ffc2c699000 	D:\Android Studio\jbr\bin\net.dll
0x00007ffc2a8b0000 - 0x00007ffc2a9ba000 	C:\WINDOWS\SYSTEM32\WINHTTP.dll
0x00007ffc322d0000 - 0x00007ffc3233a000 	C:\WINDOWS\system32\mswsock.dll
0x00007ffc2c4b0000 - 0x00007ffc2c4c6000 	D:\Android Studio\jbr\bin\nio.dll
0x00007ffc2d3c0000 - 0x00007ffc2d3c9000 	D:\Android Studio\jbr\bin\management.dll
0x00007ffc2d240000 - 0x00007ffc2d24b000 	D:\Android Studio\jbr\bin\management_ext.dll
0x00007ffc344d0000 - 0x00007ffc344d8000 	C:\WINDOWS\System32\PSAPI.DLL
0x00007ffc2d6e0000 - 0x00007ffc2d6e7000 	C:\WINDOWS\system32\wshunix.dll
0x00007ffc324d0000 - 0x00007ffc324e8000 	C:\WINDOWS\SYSTEM32\CRYPTSP.dll
0x00007ffc31b80000 - 0x00007ffc31bb4000 	C:\WINDOWS\system32\rsaenh.dll
0x00007ffc32a30000 - 0x00007ffc32a5e000 	C:\WINDOWS\SYSTEM32\USERENV.dll
0x00007ffc324c0000 - 0x00007ffc324cc000 	C:\WINDOWS\SYSTEM32\CRYPTBASE.dll
0x00007ffc31f60000 - 0x00007ffc31f9b000 	C:\WINDOWS\SYSTEM32\IPHLPAPI.DLL
0x00007ffc35440000 - 0x00007ffc35448000 	C:\WINDOWS\System32\NSI.dll
0x00007ffc2ca00000 - 0x00007ffc2ca17000 	C:\WINDOWS\SYSTEM32\dhcpcsvc6.DLL
0x00007ffc2bc50000 - 0x00007ffc2bc6d000 	C:\WINDOWS\SYSTEM32\dhcpcsvc.DLL
0x00007ffc31fb0000 - 0x00007ffc3207b000 	C:\WINDOWS\SYSTEM32\DNSAPI.dll

dbghelp: loaded successfully - version: 4.0.5 - missing functions: none
symbol engine: initialized successfully - sym options: 0x614 - pdb path: .;D:\Android Studio\jbr\bin;C:\WINDOWS\SYSTEM32;C:\WINDOWS\WinSxS\amd64_microsoft.windows.common-controls_6595b64144ccf1df_6.0.19041.3636_none_60b6a03d71f818d5;D:\Android Studio\jbr\bin\server

VM Arguments:
jvm_args: -Djava.awt.headless=true -Djava.util.logging.config.file=C:\Users\Cuenca\.android\utp\logging2702679788800715425properties -Dfile.encoding=UTF-8 -Duser.country=PH -Duser.language=en -Duser.variant 
java_command: com.google.testing.platform.launcher.Launcher C:\Users\Cuenca\.gradle\caches\modules-2\files-2.1\com.google.testing.platform\core\0.0.8-alpha08\762b033d6dcf24e44af8ccc5428ceb3eef540e37\core-0.0.8-alpha08.jar --proto_config=C:\Users\Cuenca\.android\utp\runnerConfig3417525450310901512.pb --proto_server_config=C:\Users\Cuenca\.android\utp\serverConfig12421795344563972986.pb
java_class_path (initial): C:\Users\Cuenca\.gradle\caches\modules-2\files-2.1\com.google.testing.platform\launcher\0.0.8-alpha08\de8664b74f9b70fea224c610fd41b802805c72ab\launcher-0.0.8-alpha08.jar
Launcher Type: SUN_STANDARD

[Global flags]
     intx CICompilerCount                          = 3                                         {product} {ergonomic}
     uint ConcGCThreads                            = 1                                         {product} {ergonomic}
     uint G1ConcRefinementThreads                  = 4                                         {product} {ergonomic}
   size_t G1HeapRegionSize                         = 2097152                                   {product} {ergonomic}
    uintx GCDrainStackTargetSize                   = 64                                        {product} {ergonomic}
   size_t InitialHeapSize                          = 268435456                                 {product} {ergonomic}
   size_t MarkStackSize                            = 4194304                                   {product} {ergonomic}
   size_t MaxHeapSize                              = 4269801472                                {product} {ergonomic}
   size_t MaxNewSize                               = 2560622592                                {product} {ergonomic}
   size_t MinHeapDeltaBytes                        = 2097152                                   {product} {ergonomic}
   size_t MinHeapSize                              = 8388608                                   {product} {ergonomic}
    uintx NonNMethodCodeHeapSize                   = 5832780                                {pd product} {ergonomic}
    uintx NonProfiledCodeHeapSize                  = 122912730                              {pd product} {ergonomic}
    uintx ProfiledCodeHeapSize                     = 122912730                              {pd product} {ergonomic}
    uintx ReservedCodeCacheSize                    = 251658240                              {pd product} {ergonomic}
     bool SegmentedCodeCache                       = true                                      {product} {ergonomic}
   size_t SoftMaxHeapSize                          = 4269801472                             {manageable} {ergonomic}
     bool UseCompressedClassPointers               = true                           {product lp64_product} {ergonomic}
     bool UseCompressedOops                        = true                           {product lp64_product} {ergonomic}
     bool UseG1GC                                  = true                                      {product} {ergonomic}
     bool UseLargePagesIndividualAllocation        = false                                  {pd product} {ergonomic}

Logging:
Log output configuration:
 #0: stdout all=warning uptime,level,tags
 #1: stderr all=off uptime,level,tags

Environment Variables:
JAVA_HOME=C:\Program Files (x86)\Java\jdk1.5.0_22
CLASSPATH=C:\Program Files (x86)\Java\jdk1.5.0_22\mysql-connector-java-5.1.49\mysql-connector-java-5.1.49-bin;.;
PATH=C:\Program Files\Common Files\Oracle\Java\javapath;C:\Program Files (x86)\Common Files\Oracle\Java\javapath;c:\windows\system32;C:\Program Files (x86)\Java\jre1.5.0_22\bin;C:\WINDOWS\system32;C:\WINDOWS;C:\WINDOWS\System32\Wbem;C:\WINDOWS\System32\WindowsPowerShell\v1.0\;C:\WINDOWS\System32\OpenSSH\;C:\Program Files (x86)\NVIDIA Corporation\PhysX\Common;C:\Program Files\dotnet\;C:\Program Files\Git\cmd;C:\Program Files\Git\bin;C:\Program Files\nodejs\;D:\anaconda3;D:\anaconda3\Library\mingw-w64\bin;D:\anaconda3\Library\usr\bin;D:\anaconda3\Library\bin;D:\anaconda3\Scripts;C:\Program Files (x86)\Java\jre1.5.0_22\bin;C:\Users\Cuenca\AppData\Local\Microsoft\WindowsApps;D:\PyCharm Community Edition 2023.2.3\bin;;D:\Microsoft VS Code\bin;C:\Users\Cuenca\.dotnet\tools;C:\Users\Cuenca\AppData\Roaming\npm
USERNAME=Cuenca
OS=Windows_NT
PROCESSOR_IDENTIFIER=Intel64 Family 6 Model 142 Stepping 9, GenuineIntel
TMP=C:\Users\Cuenca\AppData\Local\Temp
TEMP=C:\Users\Cuenca\AppData\Local\Temp


JNI global refs:
JNI global refs: 15, weak refs: 0

JNI global refs memory usage: 843, weak refs: 841

OOME stack traces (most recent first):
Classloader memory used:
Loader bootstrap                                                                       : 1343K
Loader jdk.internal.loader.ClassLoaders$AppClassLoader                                 : 506K
Loader java.net.URLClassLoader                                                         : 414K
Loader jdk.internal.loader.ClassLoaders$PlatformClassLoader                            : 14131B

Classes loaded by more than one classloader:
Class com.google.testing.platform.lib.logging.jvm.LoggerExtKt                         : loaded 6 times (x 69B)
Class io.netty.util.internal.logging.Log4J2LoggerFactory                              : loaded 2 times (x 70B)
Class io.netty.util.internal.logging.JdkLogger                                        : loaded 2 times (x 159B)
Class io.netty.util.internal.logging.LocationAwareSlf4JLogger                         : loaded 2 times (x 159B)
Class io.netty.util.internal.logging.InternalLogger                                   : loaded 2 times (x 68B)
Class io.netty.util.internal.ObjectUtil                                               : loaded 2 times (x 69B)
Class io.netty.util.internal.logging.AbstractInternalLogger                           : loaded 2 times (x 159B)
Class io.netty.buffer.ByteBufAllocator                                                : loaded 2 times (x 68B)
Class io.netty.util.internal.logging.InternalLoggerFactory                            : loaded 2 times (x 70B)
Class io.netty.util.internal.logging.Slf4JLogger                                      : loaded 2 times (x 159B)
Class io.netty.util.internal.logging.JdkLoggerFactory                                 : loaded 2 times (x 70B)
Class io.netty.util.internal.SystemPropertyUtil                                       : loaded 2 times (x 69B)
Class io.netty.util.ReferenceCounted                                                  : loaded 2 times (x 68B)
Class io.netty.util.internal.logging.Slf4JLoggerFactory                               : loaded 2 times (x 70B)


---------------  S Y S T E M  ---------------

OS:
 Windows 10 , 64 bit Build 19041 (10.0.19041.3636)
OS uptime: 0 days 22:57 hours

CPU: total 4 (initial active 4) (2 cores per cpu, 2 threads per core) family 6 model 142 stepping 9 microcode 0xb4, cx8, cmov, fxsr, ht, mmx, 3dnowpref, sse, sse2, sse3, ssse3, sse4.1, sse4.2, popcnt, lzcnt, tsc, tscinvbit, avx, avx2, aes, erms, clmul, bmi1, bmi2, adx, fma, vzeroupper, clflush, clflushopt

Memory: 4k page, system-wide physical 16282M (2445M free)
TotalPageFile size 21094M (AvailPageFile size 4M)
current process WorkingSet (physical memory assigned to process): 80M, peak: 80M
current process commit charge ("private bytes"): 355M, peak: 356M

vm_info: OpenJDK 64-Bit Server VM (17.0.7+0-b2043.56-10550314) for windows-amd64 JRE (17.0.7+0-b2043.56-10550314), built on Jul 24 2023 18:27:45 by "androidbuild" with MS VC++ 16.10 / 16.11 (VS2019)

END.
